Wed Jun 12 08:47:47 2019 MacBook-Pro-di-tomas.local com.apple.CoreSimulator.SimDevice.2620E59E-4D33-4FD4-B6A8-D6C6D4565AA3[84594] <Error>: assertion failed: 18E226: launchd_sim + 40558 [21B846C3-664B-316B-BE0A-4A06A82D580F]: 0x11
Wed Jun 12 08:47:47 2019 MacBook-Pro-di-tomas.local com.apple.CoreSimulator.SimDevice.2620E59E-4D33-4FD4-B6A8-D6C6D4565AA3[84594] (com.apple.backboardd) <Warning>: Unknown key for Boolean: HighPriorityIO
Wed Jun 12 08:47:47 2019 MacBook-Pro-di-tomas.local com.apple.CoreSimulator.SimDevice.2620E59E-4D33-4FD4-B6A8-D6C6D4565AA3[84594] (com.apple.backboardd) <Notice>: This service is defined to be constantly running and is inherently inefficient.
Wed Jun 12 08:47:47 2019 MacBook-Pro-di-tomas.local com.apple.CoreSimulator.SimDevice.2620E59E-4D33-4FD4-B6A8-D6C6D4565AA3[84594] (com.apple.CoreSimulator.bridge) <Notice>: This service is defined to be constantly running and is inherently inefficient.
Wed Jun 12 08:47:48 2019 MacBook-Pro-di-tomas.local com.apple.CoreSimulator.SimDevice.2620E59E-4D33-4FD4-B6A8-D6C6D4565AA3[84594] (com.apple.FontServices.GSFontServices) <Warning>: Unknown key for Boolean: EnableTransactions
Wed Jun 12 08:47:48 2019 MacBook-Pro-di-tomas.local com.apple.CoreSimulator.SimDevice.2620E59E-4D33-4FD4-B6A8-D6C6D4565AA3[84594] (com.apple.FontServices.GSFontServices) <Warning>: Unknown key for Boolean: EnablePressuredExit
Wed Jun 12 08:47:48 2019 MacBook-Pro-di-tomas.local com.apple.CoreSimulator.SimDevice.2620E59E-4D33-4FD4-B6A8-D6C6D4565AA3[84594] (com.apple.MTLCompilerService) <Warning>: Unknown key for Boolean: EnableTransactions
Wed Jun 12 08:47:48 2019 MacBook-Pro-di-tomas.local com.apple.CoreSimulator.SimDevice.2620E59E-4D33-4FD4-B6A8-D6C6D4565AA3[84594] (com.apple.MTLCompilerService) <Warning>: Unknown key for Boolean: EnablePressuredExit
Wed Jun 12 08:47:48 2019 MacBook-Pro-di-tomas.local com.apple.CoreSimulator.SimDevice.2620E59E-4D33-4FD4-B6A8-D6C6D4565AA3[84594] (com.apple.MobileInstallationHelperService) <Warning>: Unknown key for Boolean: EnableTransactions
Wed Jun 12 08:47:48 2019 MacBook-Pro-di-tomas.local com.apple.CoreSimulator.SimDevice.2620E59E-4D33-4FD4-B6A8-D6C6D4565AA3[84594] (com.apple.MobileInstallationHelperService) <Warning>: Unknown key for Boolean: EnablePressuredExit
Wed Jun 12 08:47:48 2019 MacBook-Pro-di-tomas.local com.apple.CoreSimulator.SimDevice.2620E59E-4D33-4FD4-B6A8-D6C6D4565AA3[84594] (com.apple.TrustedPeersHelper) <Warning>: Unknown key for Boolean: EnableTransactions
Wed Jun 12 08:47:48 2019 MacBook-Pro-di-tomas.local com.apple.CoreSimulator.SimDevice.2620E59E-4D33-4FD4-B6A8-D6C6D4565AA3[84594] (com.apple.TrustedPeersHelper) <Warning>: Unknown key for Boolean: EnablePressuredExit
Wed Jun 12 08:47:48 2019 MacBook-Pro-di-tomas.local com.apple.CoreSimulator.SimDevice.2620E59E-4D33-4FD4-B6A8-D6C6D4565AA3[84594] (com.apple.accessibility.mediaaccessibilityd) <Warning>: Unknown key for Boolean: EnableTransactions
Wed Jun 12 08:47:48 2019 MacBook-Pro-di-tomas.local com.apple.CoreSimulator.SimDevice.2620E59E-4D33-4FD4-B6A8-D6C6D4565AA3[84594] (com.apple.accessibility.mediaaccessibilityd) <Warning>: Unknown key for Boolean: EnablePressuredExit
Wed Jun 12 08:47:48 2019 MacBook-Pro-di-tomas.local com.apple.CoreSimulator.SimDevice.2620E59E-4D33-4FD4-B6A8-D6C6D4565AA3[84594] (com.apple.audio.toolbox.reporting.service) <Warning>: Unknown key for Boolean: EnableTransactions
Wed Jun 12 08:47:48 2019 MacBook-Pro-di-tomas.local com.apple.CoreSimulator.SimDevice.2620E59E-4D33-4FD4-B6A8-D6C6D4565AA3[84594] (com.apple.audio.toolbox.reporting.service) <Warning>: Unknown key for Boolean: EnablePressuredExit
Wed Jun 12 08:47:48 2019 MacBook-Pro-di-tomas.local com.apple.CoreSimulator.SimDevice.2620E59E-4D33-4FD4-B6A8-D6C6D4565AA3[84594] (com.apple.backboard.display.archive) <Warning>: Unknown key for Boolean: EnableTransactions
Wed Jun 12 08:47:48 2019 MacBook-Pro-di-tomas.local com.apple.CoreSimulator.SimDevice.2620E59E-4D33-4FD4-B6A8-D6C6D4565AA3[84594] (com.apple.backboard.display.archive) <Warning>: Unknown key for Boolean: EnablePressuredExit
Wed Jun 12 08:47:48 2019 MacBook-Pro-di-tomas.local com.apple.CoreSimulator.SimDevice.2620E59E-4D33-4FD4-B6A8-D6C6D4565AA3[84594] (com.apple.datamigrator) <Warning>: Unknown key for Boolean: EnableTransactions
Wed Jun 12 08:47:48 2019 MacBook-Pro-di-tomas.local com.apple.CoreSimulator.SimDevice.2620E59E-4D33-4FD4-B6A8-D6C6D4565AA3[84594] (com.apple.datamigrator) <Warning>: Unknown key for Boolean: EnablePressuredExit
Wed Jun 12 08:47:48 2019 MacBook-Pro-di-tomas.local com.apple.CoreSimulator.SimDevice.2620E59E-4D33-4FD4-B6A8-D6C6D4565AA3[84594] (com.apple.migrationpluginwrapper) <Warning>: Unknown key for Boolean: EnableTransactions
Wed Jun 12 08:47:48 2019 MacBook-Pro-di-tomas.local com.apple.CoreSimulator.SimDevice.2620E59E-4D33-4FD4-B6A8-D6C6D4565AA3[84594] (com.apple.migrationpluginwrapper) <Warning>: Unknown key for Boolean: EnablePressuredExit
Wed Jun 12 08:47:48 2019 MacBook-Pro-di-tomas.local com.apple.CoreSimulator.SimDevice.2620E59E-4D33-4FD4-B6A8-D6C6D4565AA3[84594] (com.apple.imfoundation.IMRemoteURLConnectionAgent) <Warning>: Unknown key for Boolean: EnableTransactions
Wed Jun 12 08:47:48 2019 MacBook-Pro-di-tomas.local com.apple.CoreSimulator.SimDevice.2620E59E-4D33-4FD4-B6A8-D6C6D4565AA3[84594] (com.apple.imfoundation.IMRemoteURLConnectionAgent) <Warning>: Unknown key for Boolean: EnablePressuredExit
Wed Jun 12 08:47:48 2019 MacBook-Pro-di-tomas.local com.apple.CoreSimulator.SimDevice.2620E59E-4D33-4FD4-B6A8-D6C6D4565AA3[84594] (com.apple.StreamingUnzipService) <Warning>: Unknown key for Boolean: EnableTransactions
Wed Jun 12 08:47:48 2019 MacBook-Pro-di-tomas.local com.apple.CoreSimulator.SimDevice.2620E59E-4D33-4FD4-B6A8-D6C6D4565AA3[84594] (com.apple.StreamingUnzipService) <Warning>: Unknown key for Boolean: EnablePressuredExit
Wed Jun 12 08:47:48 2019 MacBook-Pro-di-tomas.local com.apple.CoreSimulator.SimDevice.2620E59E-4D33-4FD4-B6A8-D6C6D4565AA3[84594] (com.apple.AXMediaUtilitiesService) <Warning>: Unknown key for Boolean: EnableTransactions
Wed Jun 12 08:47:48 2019 MacBook-Pro-di-tomas.local com.apple.CoreSimulator.SimDevice.2620E59E-4D33-4FD4-B6A8-D6C6D4565AA3[84594] (com.apple.AXMediaUtilitiesService) <Warning>: Unknown key for Boolean: EnablePressuredExit
Wed Jun 12 08:47:48 2019 MacBook-Pro-di-tomas.local com.apple.CoreSimulator.SimDevice.2620E59E-4D33-4FD4-B6A8-D6C6D4565AA3[84594] (com.apple.intents.intents-helper) <Warning>: Unknown key for Boolean: EnableTransactions
Wed Jun 12 08:47:48 2019 MacBook-Pro-di-tomas.local com.apple.CoreSimulator.SimDevice.2620E59E-4D33-4FD4-B6A8-D6C6D4565AA3[84594] (com.apple.intents.intents-helper) <Warning>: Unknown key for Boolean: EnablePressuredExit
Wed Jun 12 08:47:48 2019 MacBook-Pro-di-tomas.local com.apple.CoreSimulator.SimDevice.2620E59E-4D33-4FD4-B6A8-D6C6D4565AA3[84594] (com.apple.UIKit.KeyboardManagement) <Warning>: Unknown key for Boolean: EnableTransactions
Wed Jun 12 08:47:48 2019 MacBook-Pro-di-tomas.local com.apple.CoreSimulator.SimDevice.2620E59E-4D33-4FD4-B6A8-D6C6D4565AA3[84594] (com.apple.UIKit.KeyboardManagement) <Warning>: Unknown key for Boolean: EnablePressuredExit
Wed Jun 12 08:47:48 2019 MacBook-Pro-di-tomas.local com.apple.CoreSimulator.SimDevice.2620E59E-4D33-4FD4-B6A8-D6C6D4565AA3[84594] (com.apple.siri.ClientFlow.ClientScripter) <Warning>: Unknown key for Boolean: EnableTransactions
Wed Jun 12 08:47:48 2019 MacBook-Pro-di-tomas.local com.apple.CoreSimulator.SimDevice.2620E59E-4D33-4FD4-B6A8-D6C6D4565AA3[84594] (com.apple.siri.ClientFlow.ClientScripter) <Warning>: Unknown key for Boolean: EnablePressuredExit
Wed Jun 12 08:47:48 2019 MacBook-Pro-di-tomas.local com.apple.CoreSimulator.SimDevice.2620E59E-4D33-4FD4-B6A8-D6C6D4565AA3[84594] (com.apple.uifoundation-bundle-helper) <Warning>: Unknown key for Boolean: EnableTransactions
Wed Jun 12 08:47:48 2019 MacBook-Pro-di-tomas.local com.apple.CoreSimulator.SimDevice.2620E59E-4D33-4FD4-B6A8-D6C6D4565AA3[84594] (com.apple.uifoundation-bundle-helper) <Warning>: Unknown key for Boolean: EnablePressuredExit
Wed Jun 12 08:47:48 2019 MacBook-Pro-di-tomas.local com.apple.CoreSimulator.SimDevice.2620E59E-4D33-4FD4-B6A8-D6C6D4565AA3[84594] (com.apple.accessibility.AccessibilityUIServer) <Warning>: Unknown key for Boolean: EnableTransactions
Wed Jun 12 08:47:48 2019 MacBook-Pro-di-tomas.local com.apple.CoreSimulator.SimDevice.2620E59E-4D33-4FD4-B6A8-D6C6D4565AA3[84594] (com.apple.accessibility.AccessibilityUIServer) <Warning>: Unknown key for Boolean: EnablePressuredExit
Wed Jun 12 08:47:48 2019 MacBook-Pro-di-tomas.local com.apple.CoreSimulator.SimDevice.2620E59E-4D33-4FD4-B6A8-D6C6D4565AA3[84594] (com.apple.siri.acousticsignature) <Warning>: Unknown key for Boolean: EnableTransactions
Wed Jun 12 08:47:48 2019 MacBook-Pro-di-tomas.local com.apple.CoreSimulator.SimDevice.2620E59E-4D33-4FD4-B6A8-D6C6D4565AA3[84594] (com.apple.siri.acousticsignature) <Warning>: Unknown key for Boolean: EnablePressuredExit
Wed Jun 12 08:47:48 2019 MacBook-Pro-di-tomas.local com.apple.CoreSimulator.SimDevice.2620E59E-4D33-4FD4-B6A8-D6C6D4565AA3[84594] (com.apple.cocoa.nsattributedstringagent) <Warning>: Unknown key for Boolean: EnableTransactions
Wed Jun 12 08:47:48 2019 MacBook-Pro-di-tomas.local com.apple.CoreSimulator.SimDevice.2620E59E-4D33-4FD4-B6A8-D6C6D4565AA3[84594] (com.apple.cocoa.nsattributedstringagent) <Warning>: Unknown key for Boolean: EnablePressuredExit
Wed Jun 12 08:47:48 2019 MacBook-Pro-di-tomas.local com.apple.CoreSimulator.SimDevice.2620E59E-4D33-4FD4-B6A8-D6C6D4565AA3[84594] (com.apple.AssetCacheLocatorService) <Warning>: Unknown key for Boolean: EnableTransactions
Wed Jun 12 08:47:48 2019 MacBook-Pro-di-tomas.local com.apple.CoreSimulator.SimDevice.2620E59E-4D33-4FD4-B6A8-D6C6D4565AA3[84594] (com.apple.AssetCacheLocatorService) <Warning>: Unknown key for Boolean: EnablePressuredExit
Wed Jun 12 08:47:48 2019 MacBook-Pro-di-tomas.local com.apple.CoreSimulator.SimDevice.2620E59E-4D33-4FD4-B6A8-D6C6D4565AA3[84594] (com.apple.FontServices.GSFontServices) <Warning>: Unknown key for Boolean: EnableTransactions
Wed Jun 12 08:47:48 2019 MacBook-Pro-di-tomas.local com.apple.CoreSimulator.SimDevice.2620E59E-4D33-4FD4-B6A8-D6C6D4565AA3[84594] (com.apple.FontServices.GSFontServices) <Warning>: Unknown key for Boolean: EnablePressuredExit
Wed Jun 12 08:47:48 2019 MacBook-Pro-di-tomas.local com.apple.CoreSimulator.SimDevice.2620E59E-4D33-4FD4-B6A8-D6C6D4565AA3[84594] (com.apple.MTLCompilerService) <Warning>: Unknown key for Boolean: EnableTransactions
Wed Jun 12 08:47:48 2019 MacBook-Pro-di-tomas.local com.apple.CoreSimulator.SimDevice.2620E59E-4D33-4FD4-B6A8-D6C6D4565AA3[84594] (com.apple.MTLCompilerService) <Warning>: Unknown key for Boolean: EnablePressuredExit
Wed Jun 12 08:47:48 2019 MacBook-Pro-di-tomas.local com.apple.CoreSimulator.SimDevice.2620E59E-4D33-4FD4-B6A8-D6C6D4565AA3[84594] (com.apple.Photos.CPLDiagnose) <Warning>: Unknown key for Boolean: EnableTransactions
Wed Jun 12 08:47:48 2019 MacBook-Pro-di-tomas.local com.apple.CoreSimulator.SimDevice.2620E59E-4D33-4FD4-B6A8-D6C6D4565AA3[84594] (com.apple.Photos.CPLDiagnose) <Warning>: Unknown key for Boolean: EnablePressuredExit
Wed Jun 12 08:47:48 2019 MacBook-Pro-di-tomas.local com.apple.CoreSimulator.SimDevice.2620E59E-4D33-4FD4-B6A8-D6C6D4565AA3[84594] (com.apple.StreamingUnzipService) <Warning>: Unknown key for Boolean: EnableTransactions
Wed Jun 12 08:47:48 2019 MacBook-Pro-di-tomas.local com.apple.CoreSimulator.SimDevice.2620E59E-4D33-4FD4-B6A8-D6C6D4565AA3[84594] (com.apple.StreamingUnzipService) <Warning>: Unknown key for Boolean: EnablePressuredExit
Wed Jun 12 08:47:48 2019 MacBook-Pro-di-tomas.local com.apple.CoreSimulator.SimDevice.2620E59E-4D33-4FD4-B6A8-D6C6D4565AA3[84594] (com.apple.accounts.dom) <Warning>: Unknown key for Boolean: EnableTransactions
Wed Jun 12 08:47:48 2019 MacBook-Pro-di-tomas.local com.apple.CoreSimulator.SimDevice.2620E59E-4D33-4FD4-B6A8-D6C6D4565AA3[84594] (com.apple.accounts.dom) <Warning>: Unknown key for Boolean: EnablePressuredExit
Wed Jun 12 08:47:48 2019 MacBook-Pro-di-tomas.local com.apple.CoreSimulator.SimDevice.2620E59E-4D33-4FD4-B6A8-D6C6D4565AA3[84594] (com.apple.backboard.display.archive) <Warning>: Unknown key for Boolean: EnableTransactions
Wed Jun 12 08:47:48 2019 MacBook-Pro-di-tomas.local com.apple.CoreSimulator.SimDevice.2620E59E-4D33-4FD4-B6A8-D6C6D4565AA3[84594] (com.apple.backboard.display.archive) <Warning>: Unknown key for Boolean: EnablePressuredExit
Wed Jun 12 08:47:48 2019 MacBook-Pro-di-tomas.local com.apple.CoreSimulator.SimDevice.2620E59E-4D33-4FD4-B6A8-D6C6D4565AA3[84594] (com.apple.cocoa.nsattributedstringagent) <Warning>: Unknown key for Boolean: EnableTransactions
Wed Jun 12 08:47:48 2019 MacBook-Pro-di-tomas.local com.apple.CoreSimulator.SimDevice.2620E59E-4D33-4FD4-B6A8-D6C6D4565AA3[84594] (com.apple.cocoa.nsattributedstringagent) <Warning>: Unknown key for Boolean: EnablePressuredExit
Wed Jun 12 08:47:48 2019 MacBook-Pro-di-tomas.local com.apple.CoreSimulator.SimDevice.2620E59E-4D33-4FD4-B6A8-D6C6D4565AA3[84594] (com.apple.imfoundation.IMRemoteURLConnectionAgent) <Warning>: Unknown key for Boolean: EnableTransactions
Wed Jun 12 08:47:48 2019 MacBook-Pro-di-tomas.local com.apple.CoreSimulator.SimDevice.2620E59E-4D33-4FD4-B6A8-D6C6D4565AA3[84594] (com.apple.imfoundation.IMRemoteURLConnectionAgent) <Warning>: Unknown key for Boolean: EnablePressuredExit
Wed Jun 12 08:47:48 2019 MacBook-Pro-di-tomas.local com.apple.CoreSimulator.SimDevice.2620E59E-4D33-4FD4-B6A8-D6C6D4565AA3[84594] (com.apple.intents.intents-helper) <Warning>: Unknown key for Boolean: EnableTransactions
Wed Jun 12 08:47:48 2019 MacBook-Pro-di-tomas.local com.apple.CoreSimulator.SimDevice.2620E59E-4D33-4FD4-B6A8-D6C6D4565AA3[84594] (com.apple.intents.intents-helper) <Warning>: Unknown key for Boolean: EnablePressuredExit
Wed Jun 12 08:47:48 2019 MacBook-Pro-di-tomas.local com.apple.CoreSimulator.SimDevice.2620E59E-4D33-4FD4-B6A8-D6C6D4565AA3[84594] (com.apple.xpc.launchd.domain.pid.CoreSimulatorBridge.84597) <Error>: com.apple.photos.ImageConversionService (lint): XPC Service Info.plist is missing XPCService dictionary
Wed Jun 12 08:47:48 2019 MacBook-Pro-di-tomas.local com.apple.CoreSimulator.SimDevice.2620E59E-4D33-4FD4-B6A8-D6C6D4565AA3[84594] (com.apple.xpc.launchd.domain.pid.CoreSimulatorBridge.84597) <Error>: com.apple.photos.VideoConversionService (lint): XPC Service Info.plist is missing XPCService dictionary
Wed Jun 12 08:47:48 2019 MacBook-Pro-di-tomas.local com.apple.CoreSimulator.SimDevice.2620E59E-4D33-4FD4-B6A8-D6C6D4565AA3[84594] (com.apple.tonelibraryd) <Warning>: Unknown key for Boolean: EnableTransactions
Wed Jun 12 08:47:48 2019 MacBook-Pro-di-tomas.local com.apple.CoreSimulator.SimDevice.2620E59E-4D33-4FD4-B6A8-D6C6D4565AA3[84594] (com.apple.tonelibraryd) <Warning>: Unknown key for Boolean: EnablePressuredExit
Wed Jun 12 08:47:48 2019 MacBook-Pro-di-tomas.local com.apple.CoreSimulator.SimDevice.2620E59E-4D33-4FD4-B6A8-D6C6D4565AA3[84594] (com.apple.uifoundation-bundle-helper) <Warning>: Unknown key for Boolean: EnableTransactions
Wed Jun 12 08:47:48 2019 MacBook-Pro-di-tomas.local com.apple.CoreSimulator.SimDevice.2620E59E-4D33-4FD4-B6A8-D6C6D4565AA3[84594] (com.apple.uifoundation-bundle-helper) <Warning>: Unknown key for Boolean: EnablePressuredExit
Wed Jun 12 08:47:48 2019 MacBook-Pro-di-tomas.local com.apple.CoreSimulator.SimDevice.2620E59E-4D33-4FD4-B6A8-D6C6D4565AA3[84594] (com.apple.xpc.launchd.domain.pid.CoreSimulatorBridge.84597) <Error>: Failed to bootstrap path: path = /Applications/Xcode-beta.app/Contents/Developer/Platforms/AppleTVOS.platform/Library/Developer/CoreSimulator/Profiles/Runtimes/tvOS.simruntime/Contents/Resources/RuntimeRoot/System/Library/PrivateFrameworks/MediaConversionService.framework/XPCServices/com.apple.photos.VideoConversionService.xpc, error = 107: Malformed bundle
Wed Jun 12 08:47:48 2019 MacBook-Pro-di-tomas.local com.apple.CoreSimulator.SimDevice.2620E59E-4D33-4FD4-B6A8-D6C6D4565AA3[84594] (com.apple.xpc.launchd.domain.pid.CoreSimulatorBridge.84597) <Error>: Failed to bootstrap path: path = /Applications/Xcode-beta.app/Contents/Developer/Platforms/AppleTVOS.platform/Library/Developer/CoreSimulator/Profiles/Runtimes/tvOS.simruntime/Contents/Resources/RuntimeRoot/System/Library/PrivateFrameworks/MediaConversionService.framework/XPCServices/com.apple.photos.ImageConversionService.xpc, error = 107: Malformed bundle
Wed Jun 12 08:47:48 2019 MacBook-Pro-di-tomas.local com.apple.CoreSimulator.SimDevice.2620E59E-4D33-4FD4-B6A8-D6C6D4565AA3[84594] (com.apple.FontServices.GSFontServices) <Warning>: Unknown key for Boolean: EnableTransactions
Wed Jun 12 08:47:48 2019 MacBook-Pro-di-tomas.local com.apple.CoreSimulator.SimDevice.2620E59E-4D33-4FD4-B6A8-D6C6D4565AA3[84594] (com.apple.FontServices.GSFontServices) <Warning>: Unknown key for Boolean: EnablePressuredExit
Wed Jun 12 08:47:48 2019 MacBook-Pro-di-tomas.local com.apple.CoreSimulator.SimDevice.2620E59E-4D33-4FD4-B6A8-D6C6D4565AA3[84594] (com.apple.MTLCompilerService) <Warning>: Unknown key for Boolean: EnableTransactions
Wed Jun 12 08:47:48 2019 MacBook-Pro-di-tomas.local com.apple.CoreSimulator.SimDevice.2620E59E-4D33-4FD4-B6A8-D6C6D4565AA3[84594] (com.apple.MTLCompilerService) <Warning>: Unknown key for Boolean: EnablePressuredExit
Wed Jun 12 08:47:48 2019 MacBook-Pro-di-tomas.local com.apple.CoreSimulator.SimDevice.2620E59E-4D33-4FD4-B6A8-D6C6D4565AA3[84594] (com.apple.backboard.display.archive) <Warning>: Unknown key for Boolean: EnableTransactions
Wed Jun 12 08:47:48 2019 MacBook-Pro-di-tomas.local com.apple.CoreSimulator.SimDevice.2620E59E-4D33-4FD4-B6A8-D6C6D4565AA3[84594] (com.apple.backboard.display.archive) <Warning>: Unknown key for Boolean: EnablePressuredExit
Wed Jun 12 08:47:49 2019 MacBook-Pro-di-tomas.local com.apple.CoreSimulator.SimDevice.2620E59E-4D33-4FD4-B6A8-D6C6D4565AA3[84594] (com.apple.FontServices.GSFontServices) <Warning>: Unknown key for Boolean: EnableTransactions
Wed Jun 12 08:47:49 2019 MacBook-Pro-di-tomas.local com.apple.CoreSimulator.SimDevice.2620E59E-4D33-4FD4-B6A8-D6C6D4565AA3[84594] (com.apple.FontServices.GSFontServices) <Warning>: Unknown key for Boolean: EnablePressuredExit
Wed Jun 12 08:47:49 2019 MacBook-Pro-di-tomas.local com.apple.CoreSimulator.SimDevice.2620E59E-4D33-4FD4-B6A8-D6C6D4565AA3[84594] (com.apple.MTLCompilerService) <Warning>: Unknown key for Boolean: EnableTransactions
Wed Jun 12 08:47:49 2019 MacBook-Pro-di-tomas.local com.apple.CoreSimulator.SimDevice.2620E59E-4D33-4FD4-B6A8-D6C6D4565AA3[84594] (com.apple.MTLCompilerService) <Warning>: Unknown key for Boolean: EnablePressuredExit
Wed Jun 12 08:47:49 2019 MacBook-Pro-di-tomas.local com.apple.CoreSimulator.SimDevice.2620E59E-4D33-4FD4-B6A8-D6C6D4565AA3[84594] (com.apple.StreamingUnzipService) <Warning>: Unknown key for Boolean: EnableTransactions
Wed Jun 12 08:47:49 2019 MacBook-Pro-di-tomas.local com.apple.CoreSimulator.SimDevice.2620E59E-4D33-4FD4-B6A8-D6C6D4565AA3[84594] (com.apple.StreamingUnzipService) <Warning>: Unknown key for Boolean: EnablePressuredExit
Wed Jun 12 08:47:49 2019 MacBook-Pro-di-tomas.local com.apple.CoreSimulator.SimDevice.2620E59E-4D33-4FD4-B6A8-D6C6D4565AA3[84594] (com.apple.backboard.display.archive) <Warning>: Unknown key for Boolean: EnableTransactions
Wed Jun 12 08:47:49 2019 MacBook-Pro-di-tomas.local com.apple.CoreSimulator.SimDevice.2620E59E-4D33-4FD4-B6A8-D6C6D4565AA3[84594] (com.apple.backboard.display.archive) <Warning>: Unknown key for Boolean: EnablePressuredExit
Wed Jun 12 08:47:49 2019 MacBook-Pro-di-tomas.local com.apple.CoreSimulator.SimDevice.2620E59E-4D33-4FD4-B6A8-D6C6D4565AA3[84594] (com.apple.cocoa.nsattributedstringagent) <Warning>: Unknown key for Boolean: EnableTransactions
Wed Jun 12 08:47:49 2019 MacBook-Pro-di-tomas.local com.apple.CoreSimulator.SimDevice.2620E59E-4D33-4FD4-B6A8-D6C6D4565AA3[84594] (com.apple.cocoa.nsattributedstringagent) <Warning>: Unknown key for Boolean: EnablePressuredExit
Wed Jun 12 08:47:49 2019 MacBook-Pro-di-tomas.local com.apple.CoreSimulator.SimDevice.2620E59E-4D33-4FD4-B6A8-D6C6D4565AA3[84594] (com.apple.imfoundation.IMRemoteURLConnectionAgent) <Warning>: Unknown key for Boolean: EnableTransactions
Wed Jun 12 08:47:49 2019 MacBook-Pro-di-tomas.local com.apple.CoreSimulator.SimDevice.2620E59E-4D33-4FD4-B6A8-D6C6D4565AA3[84594] (com.apple.imfoundation.IMRemoteURLConnectionAgent) <Warning>: Unknown key for Boolean: EnablePressuredExit
Wed Jun 12 08:47:49 2019 MacBook-Pro-di-tomas.local com.apple.CoreSimulator.SimDevice.2620E59E-4D33-4FD4-B6A8-D6C6D4565AA3[84594] (com.apple.intents.intents-helper) <Warning>: Unknown key for Boolean: EnableTransactions
Wed Jun 12 08:47:49 2019 MacBook-Pro-di-tomas.local com.apple.CoreSimulator.SimDevice.2620E59E-4D33-4FD4-B6A8-D6C6D4565AA3[84594] (com.apple.intents.intents-helper) <Warning>: Unknown key for Boolean: EnablePressuredExit
Wed Jun 12 08:47:49 2019 MacBook-Pro-di-tomas.local com.apple.CoreSimulator.SimDevice.2620E59E-4D33-4FD4-B6A8-D6C6D4565AA3[84594] (com.apple.uifoundation-bundle-helper) <Warning>: Unknown key for Boolean: EnableTransactions
Wed Jun 12 08:47:49 2019 MacBook-Pro-di-tomas.local com.apple.CoreSimulator.SimDevice.2620E59E-4D33-4FD4-B6A8-D6C6D4565AA3[84594] (com.apple.uifoundation-bundle-helper) <Warning>: Unknown key for Boolean: EnablePressuredExit
Wed Jun 12 08:47:49 2019 MacBook-Pro-di-tomas.local com.apple.CoreSimulator.SimDevice.2620E59E-4D33-4FD4-B6A8-D6C6D4565AA3[84594] (com.apple.WebKit.WebContent) <Warning>: Unknown key for Boolean: EnableTransactions
Wed Jun 12 08:47:49 2019 MacBook-Pro-di-tomas.local com.apple.CoreSimulator.SimDevice.2620E59E-4D33-4FD4-B6A8-D6C6D4565AA3[84594] (com.apple.WebKit.WebContent) <Warning>: Unknown key for Boolean: EnablePressuredExit
Wed Jun 12 08:47:49 2019 MacBook-Pro-di-tomas.local com.apple.CoreSimulator.SimDevice.2620E59E-4D33-4FD4-B6A8-D6C6D4565AA3[84594] (com.apple.WebKit.Networking) <Warning>: Unknown key for Boolean: EnableTransactions
Wed Jun 12 08:47:49 2019 MacBook-Pro-di-tomas.local com.apple.CoreSimulator.SimDevice.2620E59E-4D33-4FD4-B6A8-D6C6D4565AA3[84594] (com.apple.WebKit.Networking) <Warning>: Unknown key for Boolean: EnablePressuredExit
Wed Jun 12 08:48:02 2019 MacBook-Pro-di-tomas.local com.apple.CoreSimulator.SimDevice.2620E59E-4D33-4FD4-B6A8-D6C6D4565AA3[84594] (com.apple.xpc.launchd.domain.system) <Notice>: committing to system shutdown
Wed Jun 12 08:48:02 2019 MacBook-Pro-di-tomas.local com.apple.CoreSimulator.SimDevice.2620E59E-4D33-4FD4-B6A8-D6C6D4565AA3[84594] (com.apple.xpc.launchd.oneshot.0x10000000.IBAgent-tvOS.84598) <Error>: could not terminate service: 3: No such process
Wed Jun 12 08:48:02 2019 MacBook-Pro-di-tomas.local com.apple.CoreSimulator.SimDevice.2620E59E-4D33-4FD4-B6A8-D6C6D4565AA3[84594] (com.apple.xpc.launchd.domain.system) <Notice>: Userspace teardown took: 16 ms
Wed Jun 12 08:48:02 2019 MacBook-Pro-di-tomas.local com.apple.CoreSimulator.SimDevice.2620E59E-4D33-4FD4-B6A8-D6C6D4565AA3[84594] (com.apple.xpc.launchd.domain.system) <Notice>: Will be calling reboot(2) with flags: 0x0
Wed Jun 12 08:48:02 2019 MacBook-Pro-di-tomas.local com.apple.CoreSimulator.SimDevice.2620E59E-4D33-4FD4-B6A8-D6C6D4565AA3[84594] <Notice>: bye
