Wed Jun 12 08:48:40 2019 MacBook-Pro-di-tomas.local com.apple.CoreSimulator.SimDevice.44B8ABCE-F8FA-49F5-940B-CB1AD8AA5CEA[84633] <Error>: assertion failed: 18E226: launchd_sim + 40486 [98102ED4-4455-3B86-83BB-AE206CBB0DE9]: 0x11
Wed Jun 12 08:48:40 2019 MacBook-Pro-di-tomas.local com.apple.CoreSimulator.SimDevice.44B8ABCE-F8FA-49F5-940B-CB1AD8AA5CEA[84633] (com.apple.backboardd) <Warning>: Unknown key for Boolean: HighPriorityIO
Wed Jun 12 08:48:40 2019 MacBook-Pro-di-tomas.local com.apple.CoreSimulator.SimDevice.44B8ABCE-F8FA-49F5-940B-CB1AD8AA5CEA[84633] (com.apple.backboardd) <Notice>: This service is defined to be constantly running and is inherently inefficient.
Wed Jun 12 08:48:40 2019 MacBook-Pro-di-tomas.local com.apple.CoreSimulator.SimDevice.44B8ABCE-F8FA-49F5-940B-CB1AD8AA5CEA[84633] (com.apple.xpc.launchd.domain.system) <Error>: Service plist does not specify a label.
Wed Jun 12 08:48:40 2019 MacBook-Pro-di-tomas.local com.apple.CoreSimulator.SimDevice.44B8ABCE-F8FA-49F5-940B-CB1AD8AA5CEA[84633] (com.apple.xpc.launchd.domain.system) <Error>: Could not import service from caller: path = /Applications/Xcode-beta.app/Contents/Developer/Platforms/iPhoneOS.platform/Library/Developer/CoreSimulator/Profiles/Runtimes/iOS.simruntime/Contents/Resources/RuntimeRoot/System/Library/LaunchDaemons/com.apple.spotlightd.plist, caller = launchd_sim.84633, error = 110: Invalid or missing service identifier
Wed Jun 12 08:48:40 2019 MacBook-Pro-di-tomas.local com.apple.CoreSimulator.SimDevice.44B8ABCE-F8FA-49F5-940B-CB1AD8AA5CEA[84633] (com.apple.CoreSimulator.bridge) <Notice>: This service is defined to be constantly running and is inherently inefficient.
Wed Jun 12 08:48:40 2019 MacBook-Pro-di-tomas.local com.apple.CoreSimulator.SimDevice.44B8ABCE-F8FA-49F5-940B-CB1AD8AA5CEA[84633] (com.apple.xpc.launchd.domain.system) <Error>: Failed to bootstrap path: path = /Applications/Xcode-beta.app/Contents/Developer/Platforms/iPhoneOS.platform/Library/Developer/CoreSimulator/Profiles/Runtimes/iOS.simruntime/Contents/Resources/RuntimeRoot/System/Library/LaunchDaemons/com.apple.spotlightd.plist, error = 110: Invalid or missing service identifier
Wed Jun 12 08:48:40 2019 MacBook-Pro-di-tomas.local com.apple.CoreSimulator.SimDevice.44B8ABCE-F8FA-49F5-940B-CB1AD8AA5CEA[84633] (com.apple.AssetCacheLocatorService) <Warning>: Unknown key for Boolean: EnableTransactions
Wed Jun 12 08:48:40 2019 MacBook-Pro-di-tomas.local com.apple.CoreSimulator.SimDevice.44B8ABCE-F8FA-49F5-940B-CB1AD8AA5CEA[84633] (com.apple.AssetCacheLocatorService) <Warning>: Unknown key for Boolean: EnablePressuredExit
Wed Jun 12 08:48:40 2019 MacBook-Pro-di-tomas.local com.apple.CoreSimulator.SimDevice.44B8ABCE-F8FA-49F5-940B-CB1AD8AA5CEA[84633] (com.apple.DocumentManagerCore.Downloads) <Warning>: Unknown key for Boolean: EnableTransactions
Wed Jun 12 08:48:40 2019 MacBook-Pro-di-tomas.local com.apple.CoreSimulator.SimDevice.44B8ABCE-F8FA-49F5-940B-CB1AD8AA5CEA[84633] (com.apple.DocumentManagerCore.Downloads) <Warning>: Unknown key for Boolean: EnablePressuredExit
Wed Jun 12 08:48:40 2019 MacBook-Pro-di-tomas.local com.apple.CoreSimulator.SimDevice.44B8ABCE-F8FA-49F5-940B-CB1AD8AA5CEA[84633] (com.apple.FileProvider.ArchiveService) <Warning>: Unknown key for Boolean: EnableTransactions
Wed Jun 12 08:48:40 2019 MacBook-Pro-di-tomas.local com.apple.CoreSimulator.SimDevice.44B8ABCE-F8FA-49F5-940B-CB1AD8AA5CEA[84633] (com.apple.FileProvider.ArchiveService) <Warning>: Unknown key for Boolean: EnablePressuredExit
Wed Jun 12 08:48:40 2019 MacBook-Pro-di-tomas.local com.apple.CoreSimulator.SimDevice.44B8ABCE-F8FA-49F5-940B-CB1AD8AA5CEA[84633] (com.apple.FontServices.FontProviderLoader) <Warning>: Unknown key for Boolean: EnableTransactions
Wed Jun 12 08:48:40 2019 MacBook-Pro-di-tomas.local com.apple.CoreSimulator.SimDevice.44B8ABCE-F8FA-49F5-940B-CB1AD8AA5CEA[84633] (com.apple.FontServices.FontProviderLoader) <Warning>: Unknown key for Boolean: EnablePressuredExit
Wed Jun 12 08:48:40 2019 MacBook-Pro-di-tomas.local com.apple.CoreSimulator.SimDevice.44B8ABCE-F8FA-49F5-940B-CB1AD8AA5CEA[84633] (com.apple.FontServices.GSFontServices) <Warning>: Unknown key for Boolean: EnableTransactions
Wed Jun 12 08:48:40 2019 MacBook-Pro-di-tomas.local com.apple.CoreSimulator.SimDevice.44B8ABCE-F8FA-49F5-940B-CB1AD8AA5CEA[84633] (com.apple.FontServices.GSFontServices) <Warning>: Unknown key for Boolean: EnablePressuredExit
Wed Jun 12 08:48:40 2019 MacBook-Pro-di-tomas.local com.apple.CoreSimulator.SimDevice.44B8ABCE-F8FA-49F5-940B-CB1AD8AA5CEA[84633] (com.apple.FontServices.UserFontManager) <Warning>: Unknown key for Boolean: EnableTransactions
Wed Jun 12 08:48:40 2019 MacBook-Pro-di-tomas.local com.apple.CoreSimulator.SimDevice.44B8ABCE-F8FA-49F5-940B-CB1AD8AA5CEA[84633] (com.apple.FontServices.UserFontManager) <Warning>: Unknown key for Boolean: EnablePressuredExit
Wed Jun 12 08:48:40 2019 MacBook-Pro-di-tomas.local com.apple.CoreSimulator.SimDevice.44B8ABCE-F8FA-49F5-940B-CB1AD8AA5CEA[84633] (com.apple.MTLCompilerService) <Warning>: Unknown key for Boolean: EnableTransactions
Wed Jun 12 08:48:40 2019 MacBook-Pro-di-tomas.local com.apple.CoreSimulator.SimDevice.44B8ABCE-F8FA-49F5-940B-CB1AD8AA5CEA[84633] (com.apple.MTLCompilerService) <Warning>: Unknown key for Boolean: EnablePressuredExit
Wed Jun 12 08:48:40 2019 MacBook-Pro-di-tomas.local com.apple.CoreSimulator.SimDevice.44B8ABCE-F8FA-49F5-940B-CB1AD8AA5CEA[84633] (com.apple.MobileInstallationHelperService) <Warning>: Unknown key for Boolean: EnableTransactions
Wed Jun 12 08:48:40 2019 MacBook-Pro-di-tomas.local com.apple.CoreSimulator.SimDevice.44B8ABCE-F8FA-49F5-940B-CB1AD8AA5CEA[84633] (com.apple.MobileInstallationHelperService) <Warning>: Unknown key for Boolean: EnablePressuredExit
Wed Jun 12 08:48:40 2019 MacBook-Pro-di-tomas.local com.apple.CoreSimulator.SimDevice.44B8ABCE-F8FA-49F5-940B-CB1AD8AA5CEA[84633] (com.apple.Photos.CPLDiagnose) <Warning>: Unknown key for Boolean: EnableTransactions
Wed Jun 12 08:48:40 2019 MacBook-Pro-di-tomas.local com.apple.CoreSimulator.SimDevice.44B8ABCE-F8FA-49F5-940B-CB1AD8AA5CEA[84633] (com.apple.Photos.CPLDiagnose) <Warning>: Unknown key for Boolean: EnablePressuredExit
Wed Jun 12 08:48:40 2019 MacBook-Pro-di-tomas.local com.apple.CoreSimulator.SimDevice.44B8ABCE-F8FA-49F5-940B-CB1AD8AA5CEA[84633] (com.apple.StreamingUnzipService) <Warning>: Unknown key for Boolean: EnableTransactions
Wed Jun 12 08:48:40 2019 MacBook-Pro-di-tomas.local com.apple.CoreSimulator.SimDevice.44B8ABCE-F8FA-49F5-940B-CB1AD8AA5CEA[84633] (com.apple.StreamingUnzipService) <Warning>: Unknown key for Boolean: EnablePressuredExit
Wed Jun 12 08:48:40 2019 MacBook-Pro-di-tomas.local com.apple.CoreSimulator.SimDevice.44B8ABCE-F8FA-49F5-940B-CB1AD8AA5CEA[84633] (com.apple.TrustedPeersHelper) <Warning>: Unknown key for Boolean: EnableTransactions
Wed Jun 12 08:48:40 2019 MacBook-Pro-di-tomas.local com.apple.CoreSimulator.SimDevice.44B8ABCE-F8FA-49F5-940B-CB1AD8AA5CEA[84633] (com.apple.TrustedPeersHelper) <Warning>: Unknown key for Boolean: EnablePressuredExit
Wed Jun 12 08:48:40 2019 MacBook-Pro-di-tomas.local com.apple.CoreSimulator.SimDevice.44B8ABCE-F8FA-49F5-940B-CB1AD8AA5CEA[84633] (com.apple.UIKit.KeyboardManagement) <Warning>: Unknown key for Boolean: EnableTransactions
Wed Jun 12 08:48:40 2019 MacBook-Pro-di-tomas.local com.apple.CoreSimulator.SimDevice.44B8ABCE-F8FA-49F5-940B-CB1AD8AA5CEA[84633] (com.apple.UIKit.KeyboardManagement) <Warning>: Unknown key for Boolean: EnablePressuredExit
Wed Jun 12 08:48:40 2019 MacBook-Pro-di-tomas.local com.apple.CoreSimulator.SimDevice.44B8ABCE-F8FA-49F5-940B-CB1AD8AA5CEA[84633] (com.apple.accessibility.mediaaccessibilityd) <Warning>: Unknown key for Boolean: EnableTransactions
Wed Jun 12 08:48:40 2019 MacBook-Pro-di-tomas.local com.apple.CoreSimulator.SimDevice.44B8ABCE-F8FA-49F5-940B-CB1AD8AA5CEA[84633] (com.apple.accessibility.mediaaccessibilityd) <Warning>: Unknown key for Boolean: EnablePressuredExit
Wed Jun 12 08:48:40 2019 MacBook-Pro-di-tomas.local com.apple.CoreSimulator.SimDevice.44B8ABCE-F8FA-49F5-940B-CB1AD8AA5CEA[84633] (com.apple.accounts.dom) <Warning>: Unknown key for Boolean: EnableTransactions
Wed Jun 12 08:48:40 2019 MacBook-Pro-di-tomas.local com.apple.CoreSimulator.SimDevice.44B8ABCE-F8FA-49F5-940B-CB1AD8AA5CEA[84633] (com.apple.accounts.dom) <Warning>: Unknown key for Boolean: EnablePressuredExit
Wed Jun 12 08:48:40 2019 MacBook-Pro-di-tomas.local com.apple.CoreSimulator.SimDevice.44B8ABCE-F8FA-49F5-940B-CB1AD8AA5CEA[84633] (com.apple.audio.toolbox.reporting.service) <Warning>: Unknown key for Boolean: EnableTransactions
Wed Jun 12 08:48:40 2019 MacBook-Pro-di-tomas.local com.apple.CoreSimulator.SimDevice.44B8ABCE-F8FA-49F5-940B-CB1AD8AA5CEA[84633] (com.apple.audio.toolbox.reporting.service) <Warning>: Unknown key for Boolean: EnablePressuredExit
Wed Jun 12 08:48:40 2019 MacBook-Pro-di-tomas.local com.apple.CoreSimulator.SimDevice.44B8ABCE-F8FA-49F5-940B-CB1AD8AA5CEA[84633] (com.apple.backboard.display.archive) <Warning>: Unknown key for Boolean: EnableTransactions
Wed Jun 12 08:48:40 2019 MacBook-Pro-di-tomas.local com.apple.CoreSimulator.SimDevice.44B8ABCE-F8FA-49F5-940B-CB1AD8AA5CEA[84633] (com.apple.backboard.display.archive) <Warning>: Unknown key for Boolean: EnablePressuredExit
Wed Jun 12 08:48:40 2019 MacBook-Pro-di-tomas.local com.apple.CoreSimulator.SimDevice.44B8ABCE-F8FA-49F5-940B-CB1AD8AA5CEA[84633] (com.apple.cocoa.nsattributedstringagent) <Warning>: Unknown key for Boolean: EnableTransactions
Wed Jun 12 08:48:40 2019 MacBook-Pro-di-tomas.local com.apple.CoreSimulator.SimDevice.44B8ABCE-F8FA-49F5-940B-CB1AD8AA5CEA[84633] (com.apple.cocoa.nsattributedstringagent) <Warning>: Unknown key for Boolean: EnablePressuredExit
Wed Jun 12 08:48:40 2019 MacBook-Pro-di-tomas.local com.apple.CoreSimulator.SimDevice.44B8ABCE-F8FA-49F5-940B-CB1AD8AA5CEA[84633] (com.apple.datamigrator) <Warning>: Unknown key for Boolean: EnableTransactions
Wed Jun 12 08:48:40 2019 MacBook-Pro-di-tomas.local com.apple.CoreSimulator.SimDevice.44B8ABCE-F8FA-49F5-940B-CB1AD8AA5CEA[84633] (com.apple.datamigrator) <Warning>: Unknown key for Boolean: EnablePressuredExit
Wed Jun 12 08:48:40 2019 MacBook-Pro-di-tomas.local com.apple.CoreSimulator.SimDevice.44B8ABCE-F8FA-49F5-940B-CB1AD8AA5CEA[84633] (com.apple.imfoundation.IMRemoteURLConnectionAgent) <Warning>: Unknown key for Boolean: EnableTransactions
Wed Jun 12 08:48:40 2019 MacBook-Pro-di-tomas.local com.apple.CoreSimulator.SimDevice.44B8ABCE-F8FA-49F5-940B-CB1AD8AA5CEA[84633] (com.apple.imfoundation.IMRemoteURLConnectionAgent) <Warning>: Unknown key for Boolean: EnablePressuredExit
Wed Jun 12 08:48:40 2019 MacBook-Pro-di-tomas.local com.apple.CoreSimulator.SimDevice.44B8ABCE-F8FA-49F5-940B-CB1AD8AA5CEA[84633] (com.apple.intents.intents-helper) <Warning>: Unknown key for Boolean: EnableTransactions
Wed Jun 12 08:48:40 2019 MacBook-Pro-di-tomas.local com.apple.CoreSimulator.SimDevice.44B8ABCE-F8FA-49F5-940B-CB1AD8AA5CEA[84633] (com.apple.intents.intents-helper) <Warning>: Unknown key for Boolean: EnablePressuredExit
Wed Jun 12 08:48:40 2019 MacBook-Pro-di-tomas.local com.apple.CoreSimulator.SimDevice.44B8ABCE-F8FA-49F5-940B-CB1AD8AA5CEA[84633] (com.apple.migrationpluginwrapper) <Warning>: Unknown key for Boolean: EnableTransactions
Wed Jun 12 08:48:40 2019 MacBook-Pro-di-tomas.local com.apple.CoreSimulator.SimDevice.44B8ABCE-F8FA-49F5-940B-CB1AD8AA5CEA[84633] (com.apple.migrationpluginwrapper) <Warning>: Unknown key for Boolean: EnablePressuredExit
Wed Jun 12 08:48:40 2019 MacBook-Pro-di-tomas.local com.apple.CoreSimulator.SimDevice.44B8ABCE-F8FA-49F5-940B-CB1AD8AA5CEA[84633] (com.apple.xpc.launchd.domain.pid.CoreSimulatorBridge.84636) <Error>: com.apple.photos.ImageConversionService (lint): XPC Service Info.plist is missing XPCService dictionary
Wed Jun 12 08:48:40 2019 MacBook-Pro-di-tomas.local com.apple.CoreSimulator.SimDevice.44B8ABCE-F8FA-49F5-940B-CB1AD8AA5CEA[84633] (com.apple.xpc.launchd.domain.pid.CoreSimulatorBridge.84636) <Error>: com.apple.photos.VideoConversionService (lint): XPC Service Info.plist is missing XPCService dictionary
Wed Jun 12 08:48:40 2019 MacBook-Pro-di-tomas.local com.apple.CoreSimulator.SimDevice.44B8ABCE-F8FA-49F5-940B-CB1AD8AA5CEA[84633] (com.apple.tonelibraryd) <Warning>: Unknown key for Boolean: EnableTransactions
Wed Jun 12 08:48:40 2019 MacBook-Pro-di-tomas.local com.apple.CoreSimulator.SimDevice.44B8ABCE-F8FA-49F5-940B-CB1AD8AA5CEA[84633] (com.apple.tonelibraryd) <Warning>: Unknown key for Boolean: EnablePressuredExit
Wed Jun 12 08:48:40 2019 MacBook-Pro-di-tomas.local com.apple.CoreSimulator.SimDevice.44B8ABCE-F8FA-49F5-940B-CB1AD8AA5CEA[84633] (com.apple.uifoundation-bundle-helper) <Warning>: Unknown key for Boolean: EnableTransactions
Wed Jun 12 08:48:40 2019 MacBook-Pro-di-tomas.local com.apple.CoreSimulator.SimDevice.44B8ABCE-F8FA-49F5-940B-CB1AD8AA5CEA[84633] (com.apple.uifoundation-bundle-helper) <Warning>: Unknown key for Boolean: EnablePressuredExit
Wed Jun 12 08:48:40 2019 MacBook-Pro-di-tomas.local com.apple.CoreSimulator.SimDevice.44B8ABCE-F8FA-49F5-940B-CB1AD8AA5CEA[84633] (com.apple.xpc.launchd.domain.pid.CoreSimulatorBridge.84636) <Error>: Failed to bootstrap path: path = /Applications/Xcode-beta.app/Contents/Developer/Platforms/iPhoneOS.platform/Library/Developer/CoreSimulator/Profiles/Runtimes/iOS.simruntime/Contents/Resources/RuntimeRoot/System/Library/PrivateFrameworks/MediaConversionService.framework/XPCServices/com.apple.photos.ImageConversionService.xpc, error = 107: Malformed bundle
Wed Jun 12 08:48:40 2019 MacBook-Pro-di-tomas.local com.apple.CoreSimulator.SimDevice.44B8ABCE-F8FA-49F5-940B-CB1AD8AA5CEA[84633] (com.apple.xpc.launchd.domain.pid.CoreSimulatorBridge.84636) <Error>: Failed to bootstrap path: path = /Applications/Xcode-beta.app/Contents/Developer/Platforms/iPhoneOS.platform/Library/Developer/CoreSimulator/Profiles/Runtimes/iOS.simruntime/Contents/Resources/RuntimeRoot/System/Library/PrivateFrameworks/MediaConversionService.framework/XPCServices/com.apple.photos.VideoConversionService.xpc, error = 107: Malformed bundle
Wed Jun 12 08:48:40 2019 MacBook-Pro-di-tomas.local com.apple.CoreSimulator.SimDevice.44B8ABCE-F8FA-49F5-940B-CB1AD8AA5CEA[84633] (com.apple.StreamingUnzipService) <Warning>: Unknown key for Boolean: EnableTransactions
Wed Jun 12 08:48:40 2019 MacBook-Pro-di-tomas.local com.apple.CoreSimulator.SimDevice.44B8ABCE-F8FA-49F5-940B-CB1AD8AA5CEA[84633] (com.apple.StreamingUnzipService) <Warning>: Unknown key for Boolean: EnablePressuredExit
Wed Jun 12 08:48:40 2019 MacBook-Pro-di-tomas.local com.apple.CoreSimulator.SimDevice.44B8ABCE-F8FA-49F5-940B-CB1AD8AA5CEA[84633] (com.apple.DocumentManagerCore.Downloads) <Warning>: Unknown key for Boolean: EnableTransactions
Wed Jun 12 08:48:40 2019 MacBook-Pro-di-tomas.local com.apple.CoreSimulator.SimDevice.44B8ABCE-F8FA-49F5-940B-CB1AD8AA5CEA[84633] (com.apple.DocumentManagerCore.Downloads) <Warning>: Unknown key for Boolean: EnablePressuredExit
Wed Jun 12 08:48:40 2019 MacBook-Pro-di-tomas.local com.apple.CoreSimulator.SimDevice.44B8ABCE-F8FA-49F5-940B-CB1AD8AA5CEA[84633] (com.apple.FileProvider.ArchiveService) <Warning>: Unknown key for Boolean: EnableTransactions
Wed Jun 12 08:48:40 2019 MacBook-Pro-di-tomas.local com.apple.CoreSimulator.SimDevice.44B8ABCE-F8FA-49F5-940B-CB1AD8AA5CEA[84633] (com.apple.FileProvider.ArchiveService) <Warning>: Unknown key for Boolean: EnablePressuredExit
Wed Jun 12 08:48:40 2019 MacBook-Pro-di-tomas.local com.apple.CoreSimulator.SimDevice.44B8ABCE-F8FA-49F5-940B-CB1AD8AA5CEA[84633] (com.apple.imfoundation.IMRemoteURLConnectionAgent) <Warning>: Unknown key for Boolean: EnableTransactions
Wed Jun 12 08:48:40 2019 MacBook-Pro-di-tomas.local com.apple.CoreSimulator.SimDevice.44B8ABCE-F8FA-49F5-940B-CB1AD8AA5CEA[84633] (com.apple.imfoundation.IMRemoteURLConnectionAgent) <Warning>: Unknown key for Boolean: EnablePressuredExit
Wed Jun 12 08:48:40 2019 MacBook-Pro-di-tomas.local com.apple.CoreSimulator.SimDevice.44B8ABCE-F8FA-49F5-940B-CB1AD8AA5CEA[84633] (com.apple.FontServices.FontProviderLoader) <Warning>: Unknown key for Boolean: EnableTransactions
Wed Jun 12 08:48:40 2019 MacBook-Pro-di-tomas.local com.apple.CoreSimulator.SimDevice.44B8ABCE-F8FA-49F5-940B-CB1AD8AA5CEA[84633] (com.apple.FontServices.FontProviderLoader) <Warning>: Unknown key for Boolean: EnablePressuredExit
Wed Jun 12 08:48:40 2019 MacBook-Pro-di-tomas.local com.apple.CoreSimulator.SimDevice.44B8ABCE-F8FA-49F5-940B-CB1AD8AA5CEA[84633] (com.apple.FontServices.GSFontServices) <Warning>: Unknown key for Boolean: EnableTransactions
Wed Jun 12 08:48:40 2019 MacBook-Pro-di-tomas.local com.apple.CoreSimulator.SimDevice.44B8ABCE-F8FA-49F5-940B-CB1AD8AA5CEA[84633] (com.apple.FontServices.GSFontServices) <Warning>: Unknown key for Boolean: EnablePressuredExit
Wed Jun 12 08:48:40 2019 MacBook-Pro-di-tomas.local com.apple.CoreSimulator.SimDevice.44B8ABCE-F8FA-49F5-940B-CB1AD8AA5CEA[84633] (com.apple.FontServices.UserFontManager) <Warning>: Unknown key for Boolean: EnableTransactions
Wed Jun 12 08:48:40 2019 MacBook-Pro-di-tomas.local com.apple.CoreSimulator.SimDevice.44B8ABCE-F8FA-49F5-940B-CB1AD8AA5CEA[84633] (com.apple.FontServices.UserFontManager) <Warning>: Unknown key for Boolean: EnablePressuredExit
Wed Jun 12 08:48:40 2019 MacBook-Pro-di-tomas.local com.apple.CoreSimulator.SimDevice.44B8ABCE-F8FA-49F5-940B-CB1AD8AA5CEA[84633] (com.apple.MTLCompilerService) <Warning>: Unknown key for Boolean: EnableTransactions
Wed Jun 12 08:48:40 2019 MacBook-Pro-di-tomas.local com.apple.CoreSimulator.SimDevice.44B8ABCE-F8FA-49F5-940B-CB1AD8AA5CEA[84633] (com.apple.MTLCompilerService) <Warning>: Unknown key for Boolean: EnablePressuredExit
Wed Jun 12 08:48:40 2019 MacBook-Pro-di-tomas.local com.apple.CoreSimulator.SimDevice.44B8ABCE-F8FA-49F5-940B-CB1AD8AA5CEA[84633] (com.apple.backboard.display.archive) <Warning>: Unknown key for Boolean: EnableTransactions
Wed Jun 12 08:48:40 2019 MacBook-Pro-di-tomas.local com.apple.CoreSimulator.SimDevice.44B8ABCE-F8FA-49F5-940B-CB1AD8AA5CEA[84633] (com.apple.backboard.display.archive) <Warning>: Unknown key for Boolean: EnablePressuredExit
Wed Jun 12 08:48:40 2019 MacBook-Pro-di-tomas.local com.apple.CoreSimulator.SimDevice.44B8ABCE-F8FA-49F5-940B-CB1AD8AA5CEA[84633] (com.apple.siri.acousticsignature) <Warning>: Unknown key for Boolean: EnableTransactions
Wed Jun 12 08:48:40 2019 MacBook-Pro-di-tomas.local com.apple.CoreSimulator.SimDevice.44B8ABCE-F8FA-49F5-940B-CB1AD8AA5CEA[84633] (com.apple.siri.acousticsignature) <Warning>: Unknown key for Boolean: EnablePressuredExit
Wed Jun 12 08:48:40 2019 MacBook-Pro-di-tomas.local com.apple.CoreSimulator.SimDevice.44B8ABCE-F8FA-49F5-940B-CB1AD8AA5CEA[84633] (com.apple.intents.intents-helper) <Warning>: Unknown key for Boolean: EnableTransactions
Wed Jun 12 08:48:40 2019 MacBook-Pro-di-tomas.local com.apple.CoreSimulator.SimDevice.44B8ABCE-F8FA-49F5-940B-CB1AD8AA5CEA[84633] (com.apple.intents.intents-helper) <Warning>: Unknown key for Boolean: EnablePressuredExit
Wed Jun 12 08:48:40 2019 MacBook-Pro-di-tomas.local com.apple.CoreSimulator.SimDevice.44B8ABCE-F8FA-49F5-940B-CB1AD8AA5CEA[84633] (com.apple.uifoundation-bundle-helper) <Warning>: Unknown key for Boolean: EnableTransactions
Wed Jun 12 08:48:40 2019 MacBook-Pro-di-tomas.local com.apple.CoreSimulator.SimDevice.44B8ABCE-F8FA-49F5-940B-CB1AD8AA5CEA[84633] (com.apple.uifoundation-bundle-helper) <Warning>: Unknown key for Boolean: EnablePressuredExit
Wed Jun 12 08:48:40 2019 MacBook-Pro-di-tomas.local com.apple.CoreSimulator.SimDevice.44B8ABCE-F8FA-49F5-940B-CB1AD8AA5CEA[84633] (com.apple.cocoa.nsattributedstringagent) <Warning>: Unknown key for Boolean: EnableTransactions
Wed Jun 12 08:48:40 2019 MacBook-Pro-di-tomas.local com.apple.CoreSimulator.SimDevice.44B8ABCE-F8FA-49F5-940B-CB1AD8AA5CEA[84633] (com.apple.cocoa.nsattributedstringagent) <Warning>: Unknown key for Boolean: EnablePressuredExit
Wed Jun 12 08:48:40 2019 MacBook-Pro-di-tomas.local com.apple.CoreSimulator.SimDevice.44B8ABCE-F8FA-49F5-940B-CB1AD8AA5CEA[84633] (com.apple.AXMediaUtilitiesService) <Warning>: Unknown key for Boolean: EnableTransactions
Wed Jun 12 08:48:40 2019 MacBook-Pro-di-tomas.local com.apple.CoreSimulator.SimDevice.44B8ABCE-F8FA-49F5-940B-CB1AD8AA5CEA[84633] (com.apple.AXMediaUtilitiesService) <Warning>: Unknown key for Boolean: EnablePressuredExit
Wed Jun 12 08:48:40 2019 MacBook-Pro-di-tomas.local com.apple.CoreSimulator.SimDevice.44B8ABCE-F8FA-49F5-940B-CB1AD8AA5CEA[84633] (com.apple.siri.ClientFlow.ClientScripter) <Warning>: Unknown key for Boolean: EnableTransactions
Wed Jun 12 08:48:40 2019 MacBook-Pro-di-tomas.local com.apple.CoreSimulator.SimDevice.44B8ABCE-F8FA-49F5-940B-CB1AD8AA5CEA[84633] (com.apple.siri.ClientFlow.ClientScripter) <Warning>: Unknown key for Boolean: EnablePressuredExit
Wed Jun 12 08:48:40 2019 MacBook-Pro-di-tomas.local com.apple.CoreSimulator.SimDevice.44B8ABCE-F8FA-49F5-940B-CB1AD8AA5CEA[84633] (com.apple.accessibility.AccessibilityUIServer) <Warning>: Unknown key for Boolean: EnableTransactions
Wed Jun 12 08:48:40 2019 MacBook-Pro-di-tomas.local com.apple.CoreSimulator.SimDevice.44B8ABCE-F8FA-49F5-940B-CB1AD8AA5CEA[84633] (com.apple.accessibility.AccessibilityUIServer) <Warning>: Unknown key for Boolean: EnablePressuredExit
Wed Jun 12 08:48:40 2019 MacBook-Pro-di-tomas.local com.apple.CoreSimulator.SimDevice.44B8ABCE-F8FA-49F5-940B-CB1AD8AA5CEA[84633] (com.apple.FontServices.FontProviderLoader) <Warning>: Unknown key for Boolean: EnableTransactions
Wed Jun 12 08:48:40 2019 MacBook-Pro-di-tomas.local com.apple.CoreSimulator.SimDevice.44B8ABCE-F8FA-49F5-940B-CB1AD8AA5CEA[84633] (com.apple.FontServices.FontProviderLoader) <Warning>: Unknown key for Boolean: EnablePressuredExit
Wed Jun 12 08:48:40 2019 MacBook-Pro-di-tomas.local com.apple.CoreSimulator.SimDevice.44B8ABCE-F8FA-49F5-940B-CB1AD8AA5CEA[84633] (com.apple.FontServices.GSFontServices) <Warning>: Unknown key for Boolean: EnableTransactions
Wed Jun 12 08:48:40 2019 MacBook-Pro-di-tomas.local com.apple.CoreSimulator.SimDevice.44B8ABCE-F8FA-49F5-940B-CB1AD8AA5CEA[84633] (com.apple.FontServices.GSFontServices) <Warning>: Unknown key for Boolean: EnablePressuredExit
Wed Jun 12 08:48:40 2019 MacBook-Pro-di-tomas.local com.apple.CoreSimulator.SimDevice.44B8ABCE-F8FA-49F5-940B-CB1AD8AA5CEA[84633] (com.apple.FontServices.UserFontManager) <Warning>: Unknown key for Boolean: EnableTransactions
Wed Jun 12 08:48:40 2019 MacBook-Pro-di-tomas.local com.apple.CoreSimulator.SimDevice.44B8ABCE-F8FA-49F5-940B-CB1AD8AA5CEA[84633] (com.apple.FontServices.UserFontManager) <Warning>: Unknown key for Boolean: EnablePressuredExit
Wed Jun 12 08:48:40 2019 MacBook-Pro-di-tomas.local com.apple.CoreSimulator.SimDevice.44B8ABCE-F8FA-49F5-940B-CB1AD8AA5CEA[84633] (com.apple.MTLCompilerService) <Warning>: Unknown key for Boolean: EnableTransactions
Wed Jun 12 08:48:40 2019 MacBook-Pro-di-tomas.local com.apple.CoreSimulator.SimDevice.44B8ABCE-F8FA-49F5-940B-CB1AD8AA5CEA[84633] (com.apple.MTLCompilerService) <Warning>: Unknown key for Boolean: EnablePressuredExit
Wed Jun 12 08:48:40 2019 MacBook-Pro-di-tomas.local com.apple.CoreSimulator.SimDevice.44B8ABCE-F8FA-49F5-940B-CB1AD8AA5CEA[84633] (com.apple.backboard.display.archive) <Warning>: Unknown key for Boolean: EnableTransactions
Wed Jun 12 08:48:40 2019 MacBook-Pro-di-tomas.local com.apple.CoreSimulator.SimDevice.44B8ABCE-F8FA-49F5-940B-CB1AD8AA5CEA[84633] (com.apple.backboard.display.archive) <Warning>: Unknown key for Boolean: EnablePressuredExit
Wed Jun 12 08:48:41 2019 MacBook-Pro-di-tomas.local com.apple.CoreSimulator.SimDevice.44B8ABCE-F8FA-49F5-940B-CB1AD8AA5CEA[84633] (com.apple.DocumentManagerCore.Downloads) <Warning>: Unknown key for Boolean: EnableTransactions
Wed Jun 12 08:48:41 2019 MacBook-Pro-di-tomas.local com.apple.CoreSimulator.SimDevice.44B8ABCE-F8FA-49F5-940B-CB1AD8AA5CEA[84633] (com.apple.DocumentManagerCore.Downloads) <Warning>: Unknown key for Boolean: EnablePressuredExit
Wed Jun 12 08:48:41 2019 MacBook-Pro-di-tomas.local com.apple.CoreSimulator.SimDevice.44B8ABCE-F8FA-49F5-940B-CB1AD8AA5CEA[84633] (com.apple.FileProvider.ArchiveService) <Warning>: Unknown key for Boolean: EnableTransactions
Wed Jun 12 08:48:41 2019 MacBook-Pro-di-tomas.local com.apple.CoreSimulator.SimDevice.44B8ABCE-F8FA-49F5-940B-CB1AD8AA5CEA[84633] (com.apple.FileProvider.ArchiveService) <Warning>: Unknown key for Boolean: EnablePressuredExit
Wed Jun 12 08:48:41 2019 MacBook-Pro-di-tomas.local com.apple.CoreSimulator.SimDevice.44B8ABCE-F8FA-49F5-940B-CB1AD8AA5CEA[84633] (com.apple.FontServices.FontProviderLoader) <Warning>: Unknown key for Boolean: EnableTransactions
Wed Jun 12 08:48:41 2019 MacBook-Pro-di-tomas.local com.apple.CoreSimulator.SimDevice.44B8ABCE-F8FA-49F5-940B-CB1AD8AA5CEA[84633] (com.apple.FontServices.FontProviderLoader) <Warning>: Unknown key for Boolean: EnablePressuredExit
Wed Jun 12 08:48:41 2019 MacBook-Pro-di-tomas.local com.apple.CoreSimulator.SimDevice.44B8ABCE-F8FA-49F5-940B-CB1AD8AA5CEA[84633] (com.apple.FontServices.GSFontServices) <Warning>: Unknown key for Boolean: EnableTransactions
Wed Jun 12 08:48:41 2019 MacBook-Pro-di-tomas.local com.apple.CoreSimulator.SimDevice.44B8ABCE-F8FA-49F5-940B-CB1AD8AA5CEA[84633] (com.apple.FontServices.GSFontServices) <Warning>: Unknown key for Boolean: EnablePressuredExit
Wed Jun 12 08:48:41 2019 MacBook-Pro-di-tomas.local com.apple.CoreSimulator.SimDevice.44B8ABCE-F8FA-49F5-940B-CB1AD8AA5CEA[84633] (com.apple.FontServices.UserFontManager) <Warning>: Unknown key for Boolean: EnableTransactions
Wed Jun 12 08:48:41 2019 MacBook-Pro-di-tomas.local com.apple.CoreSimulator.SimDevice.44B8ABCE-F8FA-49F5-940B-CB1AD8AA5CEA[84633] (com.apple.FontServices.UserFontManager) <Warning>: Unknown key for Boolean: EnablePressuredExit
Wed Jun 12 08:48:41 2019 MacBook-Pro-di-tomas.local com.apple.CoreSimulator.SimDevice.44B8ABCE-F8FA-49F5-940B-CB1AD8AA5CEA[84633] (com.apple.MTLCompilerService) <Warning>: Unknown key for Boolean: EnableTransactions
Wed Jun 12 08:48:41 2019 MacBook-Pro-di-tomas.local com.apple.CoreSimulator.SimDevice.44B8ABCE-F8FA-49F5-940B-CB1AD8AA5CEA[84633] (com.apple.MTLCompilerService) <Warning>: Unknown key for Boolean: EnablePressuredExit
Wed Jun 12 08:48:41 2019 MacBook-Pro-di-tomas.local com.apple.CoreSimulator.SimDevice.44B8ABCE-F8FA-49F5-940B-CB1AD8AA5CEA[84633] (com.apple.StreamingUnzipService) <Warning>: Unknown key for Boolean: EnableTransactions
Wed Jun 12 08:48:41 2019 MacBook-Pro-di-tomas.local com.apple.CoreSimulator.SimDevice.44B8ABCE-F8FA-49F5-940B-CB1AD8AA5CEA[84633] (com.apple.StreamingUnzipService) <Warning>: Unknown key for Boolean: EnablePressuredExit
Wed Jun 12 08:48:41 2019 MacBook-Pro-di-tomas.local com.apple.CoreSimulator.SimDevice.44B8ABCE-F8FA-49F5-940B-CB1AD8AA5CEA[84633] (com.apple.backboard.display.archive) <Warning>: Unknown key for Boolean: EnableTransactions
Wed Jun 12 08:48:41 2019 MacBook-Pro-di-tomas.local com.apple.CoreSimulator.SimDevice.44B8ABCE-F8FA-49F5-940B-CB1AD8AA5CEA[84633] (com.apple.backboard.display.archive) <Warning>: Unknown key for Boolean: EnablePressuredExit
Wed Jun 12 08:48:41 2019 MacBook-Pro-di-tomas.local com.apple.CoreSimulator.SimDevice.44B8ABCE-F8FA-49F5-940B-CB1AD8AA5CEA[84633] (com.apple.cocoa.nsattributedstringagent) <Warning>: Unknown key for Boolean: EnableTransactions
Wed Jun 12 08:48:41 2019 MacBook-Pro-di-tomas.local com.apple.CoreSimulator.SimDevice.44B8ABCE-F8FA-49F5-940B-CB1AD8AA5CEA[84633] (com.apple.cocoa.nsattributedstringagent) <Warning>: Unknown key for Boolean: EnablePressuredExit
Wed Jun 12 08:48:41 2019 MacBook-Pro-di-tomas.local com.apple.CoreSimulator.SimDevice.44B8ABCE-F8FA-49F5-940B-CB1AD8AA5CEA[84633] (com.apple.imfoundation.IMRemoteURLConnectionAgent) <Warning>: Unknown key for Boolean: EnableTransactions
Wed Jun 12 08:48:41 2019 MacBook-Pro-di-tomas.local com.apple.CoreSimulator.SimDevice.44B8ABCE-F8FA-49F5-940B-CB1AD8AA5CEA[84633] (com.apple.imfoundation.IMRemoteURLConnectionAgent) <Warning>: Unknown key for Boolean: EnablePressuredExit
Wed Jun 12 08:48:41 2019 MacBook-Pro-di-tomas.local com.apple.CoreSimulator.SimDevice.44B8ABCE-F8FA-49F5-940B-CB1AD8AA5CEA[84633] (com.apple.intents.intents-helper) <Warning>: Unknown key for Boolean: EnableTransactions
Wed Jun 12 08:48:41 2019 MacBook-Pro-di-tomas.local com.apple.CoreSimulator.SimDevice.44B8ABCE-F8FA-49F5-940B-CB1AD8AA5CEA[84633] (com.apple.intents.intents-helper) <Warning>: Unknown key for Boolean: EnablePressuredExit
Wed Jun 12 08:48:41 2019 MacBook-Pro-di-tomas.local com.apple.CoreSimulator.SimDevice.44B8ABCE-F8FA-49F5-940B-CB1AD8AA5CEA[84633] (com.apple.uifoundation-bundle-helper) <Warning>: Unknown key for Boolean: EnableTransactions
Wed Jun 12 08:48:41 2019 MacBook-Pro-di-tomas.local com.apple.CoreSimulator.SimDevice.44B8ABCE-F8FA-49F5-940B-CB1AD8AA5CEA[84633] (com.apple.uifoundation-bundle-helper) <Warning>: Unknown key for Boolean: EnablePressuredExit
Wed Jun 12 08:55:21 2019 MacBook-Pro-di-tomas.local com.apple.CoreSimulator.SimDevice.44B8ABCE-F8FA-49F5-940B-CB1AD8AA5CEA[84633] (com.apple.xpc.launchd.domain.system) <Notice>: committing to system shutdown
Wed Jun 12 08:55:21 2019 MacBook-Pro-di-tomas.local com.apple.CoreSimulator.SimDevice.44B8ABCE-F8FA-49F5-940B-CB1AD8AA5CEA[84633] (com.apple.xpc.launchd.domain.system) <Notice>: Userspace teardown took: 22 ms
Wed Jun 12 08:55:21 2019 MacBook-Pro-di-tomas.local com.apple.CoreSimulator.SimDevice.44B8ABCE-F8FA-49F5-940B-CB1AD8AA5CEA[84633] (com.apple.xpc.launchd.domain.system) <Notice>: Will be calling reboot(2) with flags: 0x0
Wed Jun 12 08:55:21 2019 MacBook-Pro-di-tomas.local com.apple.CoreSimulator.SimDevice.44B8ABCE-F8FA-49F5-940B-CB1AD8AA5CEA[84633] <Notice>: bye
