Tue Jun 11 09:54:51 2019 MacBook-Pro-di-tomas.local com.apple.CoreSimulator.SimDevice.0C1BA81C-85B1-450A-9DD8-5A1839ACCC14[38002] (com.apple.xpc.launchd.domain.system) <Error>: Service sets EnableTransactions=false and EnablePressuredExit=true, which makes no sense. Enabling Transactions.
Tue Jun 11 09:54:51 2019 MacBook-Pro-di-tomas.local com.apple.CoreSimulator.SimDevice.0C1BA81C-85B1-450A-9DD8-5A1839ACCC14[38002] (com.apple.xpc.launchd.domain.system) <Error>: Service sets EnableTransactions=false and EnablePressuredExit=true, which makes no sense. Enabling Transactions.
Tue Jun 11 09:54:51 2019 MacBook-Pro-di-tomas.local com.apple.CoreSimulator.SimDevice.0C1BA81C-85B1-450A-9DD8-5A1839ACCC14[38002] (com.apple.xpc.launchd.domain.system) <Error>: Service sets EnableTransactions=false and EnablePressuredExit=true, which makes no sense. Enabling Transactions.
Tue Jun 11 09:54:51 2019 MacBook-Pro-di-tomas.local com.apple.CoreSimulator.SimDevice.0C1BA81C-85B1-450A-9DD8-5A1839ACCC14[38002] (com.apple.xpc.launchd.domain.system) <Error>: Service sets EnableTransactions=false and EnablePressuredExit=true, which makes no sense. Enabling Transactions.
Tue Jun 11 09:54:51 2019 MacBook-Pro-di-tomas.local com.apple.CoreSimulator.SimDevice.0C1BA81C-85B1-450A-9DD8-5A1839ACCC14[38002] (com.apple.nanoregistryd) <Warning>: Unknown key for Boolean: TransactionTimeLimitEnabled
Tue Jun 11 09:54:51 2019 MacBook-Pro-di-tomas.local com.apple.CoreSimulator.SimDevice.0C1BA81C-85B1-450A-9DD8-5A1839ACCC14[38002] (com.apple.xpc.launchd.domain.system) <Error>: Service sets EnableTransactions=false and EnablePressuredExit=true, which makes no sense. Enabling Transactions.
Tue Jun 11 09:54:51 2019 MacBook-Pro-di-tomas.local com.apple.CoreSimulator.SimDevice.0C1BA81C-85B1-450A-9DD8-5A1839ACCC14[38002] (com.apple.mediaartworkd) <Warning>: Unknown ProcessType: AdaptiveUtility
Tue Jun 11 09:54:51 2019 MacBook-Pro-di-tomas.local com.apple.CoreSimulator.SimDevice.0C1BA81C-85B1-450A-9DD8-5A1839ACCC14[38002] (com.apple.syslogd) <Notice>: Please switch away from OnDemand to KeepAlive.
Tue Jun 11 09:54:51 2019 MacBook-Pro-di-tomas.local com.apple.CoreSimulator.SimDevice.0C1BA81C-85B1-450A-9DD8-5A1839ACCC14[38002] (com.apple.ids_simd) <Notice>: This service is defined to be constantly running and is inherently inefficient.
Tue Jun 11 09:54:51 2019 MacBook-Pro-di-tomas.local com.apple.CoreSimulator.SimDevice.0C1BA81C-85B1-450A-9DD8-5A1839ACCC14[38002] (com.apple.xpc.launchd.domain.system) <Error>: Service sets EnableTransactions=false and EnablePressuredExit=true, which makes no sense. Enabling Transactions.
Tue Jun 11 09:54:51 2019 MacBook-Pro-di-tomas.local com.apple.CoreSimulator.SimDevice.0C1BA81C-85B1-450A-9DD8-5A1839ACCC14[38002] (com.apple.xpc.launchd.domain.system) <Error>: Service sets EnableTransactions=false and EnablePressuredExit=true, which makes no sense. Enabling Transactions.
Tue Jun 11 09:54:51 2019 MacBook-Pro-di-tomas.local com.apple.CoreSimulator.SimDevice.0C1BA81C-85B1-450A-9DD8-5A1839ACCC14[38002] (com.apple.webinspectord.socket) <Error>: assertion failed: 18E226: launchd_sim + 47264 [4622B022-01D6-3D7A-9255-C84F61958ED2]: 0x30
Tue Jun 11 09:54:51 2019 MacBook-Pro-di-tomas.local com.apple.CoreSimulator.SimDevice.0C1BA81C-85B1-450A-9DD8-5A1839ACCC14[38002] (com.apple.xpc.launchd.domain.system) <Error>: Service sets EnableTransactions=false and EnablePressuredExit=true, which makes no sense. Enabling Transactions.
Tue Jun 11 09:54:51 2019 MacBook-Pro-di-tomas.local com.apple.CoreSimulator.SimDevice.0C1BA81C-85B1-450A-9DD8-5A1839ACCC14[38002] (com.apple.xpc.launchd.domain.system) <Error>: Service sets EnableTransactions=false and EnablePressuredExit=true, which makes no sense. Enabling Transactions.
Tue Jun 11 09:54:51 2019 MacBook-Pro-di-tomas.local com.apple.CoreSimulator.SimDevice.0C1BA81C-85B1-450A-9DD8-5A1839ACCC14[38002] (com.apple.wcd) <Warning>: Unknown key for Boolean: TransactionTimeLimitEnabled
Tue Jun 11 09:54:51 2019 MacBook-Pro-di-tomas.local com.apple.CoreSimulator.SimDevice.0C1BA81C-85B1-450A-9DD8-5A1839ACCC14[38002] (com.apple.logd) <Notice>: This service is defined to be constantly running and is inherently inefficient.
Tue Jun 11 09:54:51 2019 MacBook-Pro-di-tomas.local com.apple.CoreSimulator.SimDevice.0C1BA81C-85B1-450A-9DD8-5A1839ACCC14[38002] (com.apple.backboardd) <Warning>: Unknown key for Boolean: HighPriorityIO
Tue Jun 11 09:54:51 2019 MacBook-Pro-di-tomas.local com.apple.CoreSimulator.SimDevice.0C1BA81C-85B1-450A-9DD8-5A1839ACCC14[38002] (com.apple.backboardd) <Notice>: This service is defined to be constantly running and is inherently inefficient.
Tue Jun 11 09:54:51 2019 MacBook-Pro-di-tomas.local com.apple.CoreSimulator.SimDevice.0C1BA81C-85B1-450A-9DD8-5A1839ACCC14[38002] (com.apple.xpc.launchd.domain.system) <Error>: Service sets EnableTransactions=false and EnablePressuredExit=true, which makes no sense. Enabling Transactions.
Tue Jun 11 09:54:51 2019 MacBook-Pro-di-tomas.local com.apple.CoreSimulator.SimDevice.0C1BA81C-85B1-450A-9DD8-5A1839ACCC14[38002] (com.apple.xpc.launchd.domain.system) <Error>: Service sets EnableTransactions=false and EnablePressuredExit=true, which makes no sense. Enabling Transactions.
Tue Jun 11 09:54:51 2019 MacBook-Pro-di-tomas.local com.apple.CoreSimulator.SimDevice.0C1BA81C-85B1-450A-9DD8-5A1839ACCC14[38002] (com.apple.xpc.launchd.domain.system) <Error>: Service sets EnableTransactions=false and EnablePressuredExit=true, which makes no sense. Enabling Transactions.
Tue Jun 11 09:54:51 2019 MacBook-Pro-di-tomas.local com.apple.CoreSimulator.SimDevice.0C1BA81C-85B1-450A-9DD8-5A1839ACCC14[38002] (com.apple.xpc.launchd.domain.system) <Error>: Service sets EnableTransactions=false and EnablePressuredExit=true, which makes no sense. Enabling Transactions.
Tue Jun 11 09:54:51 2019 MacBook-Pro-di-tomas.local com.apple.CoreSimulator.SimDevice.0C1BA81C-85B1-450A-9DD8-5A1839ACCC14[38002] (com.apple.managedconfiguration.profiled) <Error>: ThrottleInterval set to zero. You're not that important. Ignoring.
Tue Jun 11 09:54:51 2019 MacBook-Pro-di-tomas.local com.apple.CoreSimulator.SimDevice.0C1BA81C-85B1-450A-9DD8-5A1839ACCC14[38002] (com.apple.xpc.launchd.domain.system) <Error>: Service sets EnableTransactions=false and EnablePressuredExit=true, which makes no sense. Enabling Transactions.
Tue Jun 11 09:54:51 2019 MacBook-Pro-di-tomas.local com.apple.CoreSimulator.SimDevice.0C1BA81C-85B1-450A-9DD8-5A1839ACCC14[38002] (com.apple.xpc.launchd.domain.system) <Error>: Service sets EnableTransactions=false and EnablePressuredExit=true, which makes no sense. Enabling Transactions.
Tue Jun 11 09:54:51 2019 MacBook-Pro-di-tomas.local com.apple.CoreSimulator.SimDevice.0C1BA81C-85B1-450A-9DD8-5A1839ACCC14[38002] (com.apple.xpc.launchd.domain.system) <Error>: Service sets EnableTransactions=false and EnablePressuredExit=true, which makes no sense. Enabling Transactions.
Tue Jun 11 09:54:51 2019 MacBook-Pro-di-tomas.local com.apple.CoreSimulator.SimDevice.0C1BA81C-85B1-450A-9DD8-5A1839ACCC14[38002] (com.apple.xpc.launchd.domain.system) <Error>: Service sets EnableTransactions=false and EnablePressuredExit=true, which makes no sense. Enabling Transactions.
Tue Jun 11 09:54:51 2019 MacBook-Pro-di-tomas.local com.apple.CoreSimulator.SimDevice.0C1BA81C-85B1-450A-9DD8-5A1839ACCC14[38002] (com.apple.searchd) <Warning>: Unknown key for dictionary: NoEnvironmentVariables
Tue Jun 11 09:54:51 2019 MacBook-Pro-di-tomas.local com.apple.CoreSimulator.SimDevice.0C1BA81C-85B1-450A-9DD8-5A1839ACCC14[38002] (com.apple.revisiond) <Notice>: This service is defined to be constantly running and is inherently inefficient.
Tue Jun 11 09:54:51 2019 MacBook-Pro-di-tomas.local com.apple.CoreSimulator.SimDevice.0C1BA81C-85B1-450A-9DD8-5A1839ACCC14[38002] (com.apple.xpc.launchd.domain.system) <Error>: Service sets EnableTransactions=false and EnablePressuredExit=true, which makes no sense. Enabling Transactions.
Tue Jun 11 09:54:51 2019 MacBook-Pro-di-tomas.local com.apple.CoreSimulator.SimDevice.0C1BA81C-85B1-450A-9DD8-5A1839ACCC14[38002] (com.apple.xpc.launchd.domain.system) <Error>: Service sets EnableTransactions=false and EnablePressuredExit=true, which makes no sense. Enabling Transactions.
Tue Jun 11 09:54:51 2019 MacBook-Pro-di-tomas.local com.apple.CoreSimulator.SimDevice.0C1BA81C-85B1-450A-9DD8-5A1839ACCC14[38002] (com.apple.coreservices.appleid.passwordcheck) <Warning>: Unknown key for Boolean: DrainMessagesAfterFailedInit
Tue Jun 11 09:54:51 2019 MacBook-Pro-di-tomas.local com.apple.CoreSimulator.SimDevice.0C1BA81C-85B1-450A-9DD8-5A1839ACCC14[38002] (com.apple.xpc.launchd.domain.system) <Error>: Service sets EnableTransactions=false and EnablePressuredExit=true, which makes no sense. Enabling Transactions.
Tue Jun 11 09:54:51 2019 MacBook-Pro-di-tomas.local com.apple.CoreSimulator.SimDevice.0C1BA81C-85B1-450A-9DD8-5A1839ACCC14[38002] (com.apple.calaccessd.xpc) <Warning>: The HideUntilCheckIn property is an architectural performance issue. Please transition away from it.
Tue Jun 11 09:54:51 2019 MacBook-Pro-di-tomas.local com.apple.CoreSimulator.SimDevice.0C1BA81C-85B1-450A-9DD8-5A1839ACCC14[38002] (com.apple.xpc.launchd.domain.system) <Error>: Service sets EnableTransactions=false and EnablePressuredExit=true, which makes no sense. Enabling Transactions.
Tue Jun 11 09:54:51 2019 MacBook-Pro-di-tomas.local com.apple.CoreSimulator.SimDevice.0C1BA81C-85B1-450A-9DD8-5A1839ACCC14[38002] (com.apple.xpc.launchd.domain.system) <Error>: Service sets EnableTransactions=false and EnablePressuredExit=true, which makes no sense. Enabling Transactions.
Tue Jun 11 09:54:51 2019 MacBook-Pro-di-tomas.local com.apple.CoreSimulator.SimDevice.0C1BA81C-85B1-450A-9DD8-5A1839ACCC14[38002] (com.apple.xpc.launchd.domain.system) <Error>: Service sets EnableTransactions=false and EnablePressuredExit=true, which makes no sense. Enabling Transactions.
Tue Jun 11 09:54:51 2019 MacBook-Pro-di-tomas.local com.apple.CoreSimulator.SimDevice.0C1BA81C-85B1-450A-9DD8-5A1839ACCC14[38002] (com.apple.xpc.launchd.domain.system) <Error>: Service sets EnableTransactions=false and EnablePressuredExit=true, which makes no sense. Enabling Transactions.
Tue Jun 11 09:54:51 2019 MacBook-Pro-di-tomas.local com.apple.CoreSimulator.SimDevice.0C1BA81C-85B1-450A-9DD8-5A1839ACCC14[38002] (com.apple.diagnosticd.reflect-listener) <Warning>: This socket key is not supported on this platform: SockPathName.
Tue Jun 11 09:54:51 2019 MacBook-Pro-di-tomas.local com.apple.CoreSimulator.SimDevice.0C1BA81C-85B1-450A-9DD8-5A1839ACCC14[38002] (com.apple.xpc.launchd.domain.system) <Error>: Service sets EnableTransactions=false and EnablePressuredExit=true, which makes no sense. Enabling Transactions.
Tue Jun 11 09:54:51 2019 MacBook-Pro-di-tomas.local com.apple.CoreSimulator.SimDevice.0C1BA81C-85B1-450A-9DD8-5A1839ACCC14[38002] (com.apple.icloud.fmfd) <Error>: The Debug key is no longer respected. Please remove it.
Tue Jun 11 09:54:51 2019 MacBook-Pro-di-tomas.local com.apple.CoreSimulator.SimDevice.0C1BA81C-85B1-450A-9DD8-5A1839ACCC14[38002] (com.apple.xpc.launchd.domain.system) <Error>: Service sets EnableTransactions=false and EnablePressuredExit=true, which makes no sense. Enabling Transactions.
Tue Jun 11 09:54:51 2019 MacBook-Pro-di-tomas.local com.apple.CoreSimulator.SimDevice.0C1BA81C-85B1-450A-9DD8-5A1839ACCC14[38002] (com.apple.midiserver.sim.io) <Warning>: The HideUntilCheckIn property is an architectural performance issue. Please transition away from it.
Tue Jun 11 09:54:51 2019 MacBook-Pro-di-tomas.local com.apple.CoreSimulator.SimDevice.0C1BA81C-85B1-450A-9DD8-5A1839ACCC14[38002] (com.apple.xpc.launchd.domain.system) <Error>: Service sets EnableTransactions=false and EnablePressuredExit=true, which makes no sense. Enabling Transactions.
Tue Jun 11 09:54:51 2019 MacBook-Pro-di-tomas.local com.apple.CoreSimulator.SimDevice.0C1BA81C-85B1-450A-9DD8-5A1839ACCC14[38002] (com.apple.xpc.launchd.domain.system) <Error>: Service sets EnableTransactions=false and EnablePressuredExit=true, which makes no sense. Enabling Transactions.
Tue Jun 11 09:54:51 2019 MacBook-Pro-di-tomas.local com.apple.CoreSimulator.SimDevice.0C1BA81C-85B1-450A-9DD8-5A1839ACCC14[38002] (com.apple.xpc.launchd.domain.system) <Error>: Service sets EnableTransactions=false and EnablePressuredExit=true, which makes no sense. Enabling Transactions.
Tue Jun 11 09:54:51 2019 MacBook-Pro-di-tomas.local com.apple.CoreSimulator.SimDevice.0C1BA81C-85B1-450A-9DD8-5A1839ACCC14[38002] (com.apple.passd) <Warning>: Unknown key for string: com.apple.application-identifier
Tue Jun 11 09:54:51 2019 MacBook-Pro-di-tomas.local com.apple.CoreSimulator.SimDevice.0C1BA81C-85B1-450A-9DD8-5A1839ACCC14[38002] (com.apple.voiced) <Notice>: This key does not do anything: OnDemand
Tue Jun 11 09:54:51 2019 MacBook-Pro-di-tomas.local com.apple.CoreSimulator.SimDevice.0C1BA81C-85B1-450A-9DD8-5A1839ACCC14[38002] (com.apple.voiced) <Error>: The ServiceIPC key is no longer respected. Please remove it.
Tue Jun 11 09:54:51 2019 MacBook-Pro-di-tomas.local com.apple.CoreSimulator.SimDevice.0C1BA81C-85B1-450A-9DD8-5A1839ACCC14[38002] (com.apple.splashboard) <Warning>: Unknown key for integer: JetsamMemoryLimit
Tue Jun 11 09:54:51 2019 MacBook-Pro-di-tomas.local com.apple.CoreSimulator.SimDevice.0C1BA81C-85B1-450A-9DD8-5A1839ACCC14[38002] (com.apple.certui.relay) <Error>: ThrottleInterval set to zero. You're not that important. Ignoring.
Tue Jun 11 09:54:51 2019 MacBook-Pro-di-tomas.local com.apple.CoreSimulator.SimDevice.0C1BA81C-85B1-450A-9DD8-5A1839ACCC14[38002] (com.apple.xpc.launchd.domain.system) <Error>: Service sets EnableTransactions=false and EnablePressuredExit=true, which makes no sense. Enabling Transactions.
Tue Jun 11 09:54:51 2019 MacBook-Pro-di-tomas.local com.apple.CoreSimulator.SimDevice.0C1BA81C-85B1-450A-9DD8-5A1839ACCC14[38002] (com.apple.xpc.launchd.domain.system) <Error>: Service sets EnableTransactions=false and EnablePressuredExit=true, which makes no sense. Enabling Transactions.
Tue Jun 11 09:54:51 2019 MacBook-Pro-di-tomas.local com.apple.CoreSimulator.SimDevice.0C1BA81C-85B1-450A-9DD8-5A1839ACCC14[38002] (com.apple.sharingd) <Notice>: This service is defined to be constantly running and is inherently inefficient.
Tue Jun 11 09:54:51 2019 MacBook-Pro-di-tomas.local com.apple.CoreSimulator.SimDevice.0C1BA81C-85B1-450A-9DD8-5A1839ACCC14[38002] (com.apple.xpc.launchd.domain.system) <Error>: Service specifies LimitLoadFromHardware which does not make sense for this launchd instance
Tue Jun 11 09:54:51 2019 MacBook-Pro-di-tomas.local com.apple.CoreSimulator.SimDevice.0C1BA81C-85B1-450A-9DD8-5A1839ACCC14[38002] (com.apple.xpc.launchd.domain.system) <Error>: Could not import service from caller: path = /Library/Developer/CoreSimulator/Profiles/Runtimes/iOS 10.3.simruntime/Contents/Resources/RuntimeRoot/System/Library/LaunchDaemons/com.apple.touchsetupd.plist, caller = launchd_sim.38002, error = 138: Service cannot be loaded on this hardware
Tue Jun 11 09:54:51 2019 MacBook-Pro-di-tomas.local com.apple.CoreSimulator.SimDevice.0C1BA81C-85B1-450A-9DD8-5A1839ACCC14[38002] (com.apple.xpc.launchd.domain.system) <Error>: Service sets EnableTransactions=false and EnablePressuredExit=true, which makes no sense. Enabling Transactions.
Tue Jun 11 09:54:51 2019 MacBook-Pro-di-tomas.local com.apple.CoreSimulator.SimDevice.0C1BA81C-85B1-450A-9DD8-5A1839ACCC14[38002] (com.apple.healthd) <Error>: ThrottleInterval set to zero. You're not that important. Ignoring.
Tue Jun 11 09:54:51 2019 MacBook-Pro-di-tomas.local com.apple.CoreSimulator.SimDevice.0C1BA81C-85B1-450A-9DD8-5A1839ACCC14[38002] (com.apple.healthd) <Warning>: Unknown key for Boolean: CFBundleAllowMixedLocalizations
Tue Jun 11 09:54:51 2019 MacBook-Pro-di-tomas.local com.apple.CoreSimulator.SimDevice.0C1BA81C-85B1-450A-9DD8-5A1839ACCC14[38002] (com.apple.xpc.launchd.domain.system) <Error>: Service sets EnableTransactions=false and EnablePressuredExit=true, which makes no sense. Enabling Transactions.
Tue Jun 11 09:54:51 2019 MacBook-Pro-di-tomas.local com.apple.CoreSimulator.SimDevice.0C1BA81C-85B1-450A-9DD8-5A1839ACCC14[38002] (com.apple.xpc.launchd.domain.system) <Error>: Service sets EnableTransactions=false and EnablePressuredExit=true, which makes no sense. Enabling Transactions.
Tue Jun 11 09:54:51 2019 MacBook-Pro-di-tomas.local com.apple.CoreSimulator.SimDevice.0C1BA81C-85B1-450A-9DD8-5A1839ACCC14[38002] (com.apple.mediastream.sharing-nowake) <Warning>: The HideUntilCheckIn property is an architectural performance issue. Please transition away from it.
Tue Jun 11 09:54:51 2019 MacBook-Pro-di-tomas.local com.apple.CoreSimulator.SimDevice.0C1BA81C-85B1-450A-9DD8-5A1839ACCC14[38002] (com.apple.mediastream.mstreamd-nowake) <Warning>: The HideUntilCheckIn property is an architectural performance issue. Please transition away from it.
Tue Jun 11 09:54:51 2019 MacBook-Pro-di-tomas.local com.apple.CoreSimulator.SimDevice.0C1BA81C-85B1-450A-9DD8-5A1839ACCC14[38002] (com.apple.xpc.launchd.domain.system) <Error>: Service sets EnableTransactions=false and EnablePressuredExit=true, which makes no sense. Enabling Transactions.
Tue Jun 11 09:54:51 2019 MacBook-Pro-di-tomas.local com.apple.CoreSimulator.SimDevice.0C1BA81C-85B1-450A-9DD8-5A1839ACCC14[38002] (com.apple.xpc.launchd.domain.system) <Error>: Service sets EnableTransactions=false and EnablePressuredExit=true, which makes no sense. Enabling Transactions.
Tue Jun 11 09:54:51 2019 MacBook-Pro-di-tomas.local com.apple.CoreSimulator.SimDevice.0C1BA81C-85B1-450A-9DD8-5A1839ACCC14[38002] (com.apple.xpc.launchd.domain.system) <Error>: Service sets EnableTransactions=false and EnablePressuredExit=true, which makes no sense. Enabling Transactions.
Tue Jun 11 09:54:51 2019 MacBook-Pro-di-tomas.local com.apple.CoreSimulator.SimDevice.0C1BA81C-85B1-450A-9DD8-5A1839ACCC14[38002] (com.apple.xpc.launchd.domain.system) <Error>: Service sets EnableTransactions=false and EnablePressuredExit=true, which makes no sense. Enabling Transactions.
Tue Jun 11 09:54:51 2019 MacBook-Pro-di-tomas.local com.apple.CoreSimulator.SimDevice.0C1BA81C-85B1-450A-9DD8-5A1839ACCC14[38002] (com.apple.xpc.launchd.domain.system) <Error>: Service sets EnableTransactions=false and EnablePressuredExit=true, which makes no sense. Enabling Transactions.
Tue Jun 11 09:54:51 2019 MacBook-Pro-di-tomas.local com.apple.CoreSimulator.SimDevice.0C1BA81C-85B1-450A-9DD8-5A1839ACCC14[38002] (com.apple.xpc.launchd.domain.system) <Error>: Service sets EnableTransactions=false and EnablePressuredExit=true, which makes no sense. Enabling Transactions.
Tue Jun 11 09:54:51 2019 MacBook-Pro-di-tomas.local com.apple.CoreSimulator.SimDevice.0C1BA81C-85B1-450A-9DD8-5A1839ACCC14[38002] (com.apple.FileCoordination) <Warning>: Unknown key for Boolean: TransactionTimeLimitEnabled
Tue Jun 11 09:54:51 2019 MacBook-Pro-di-tomas.local com.apple.CoreSimulator.SimDevice.0C1BA81C-85B1-450A-9DD8-5A1839ACCC14[38002] (com.apple.configd_sim) <Notice>: This service is defined to be constantly running and is inherently inefficient.
Tue Jun 11 09:54:51 2019 MacBook-Pro-di-tomas.local com.apple.CoreSimulator.SimDevice.0C1BA81C-85B1-450A-9DD8-5A1839ACCC14[38002] (com.apple.xpc.launchd.domain.system) <Error>: Service sets EnableTransactions=false and EnablePressuredExit=true, which makes no sense. Enabling Transactions.
Tue Jun 11 09:54:51 2019 MacBook-Pro-di-tomas.local com.apple.CoreSimulator.SimDevice.0C1BA81C-85B1-450A-9DD8-5A1839ACCC14[38002] (com.apple.xpc.launchd.domain.system) <Error>: Service sets EnableTransactions=false and EnablePressuredExit=true, which makes no sense. Enabling Transactions.
Tue Jun 11 09:54:51 2019 MacBook-Pro-di-tomas.local com.apple.CoreSimulator.SimDevice.0C1BA81C-85B1-450A-9DD8-5A1839ACCC14[38002] (com.apple.xpc.launchd.domain.system) <Error>: Service sets EnableTransactions=false and EnablePressuredExit=true, which makes no sense. Enabling Transactions.
Tue Jun 11 09:54:51 2019 MacBook-Pro-di-tomas.local com.apple.CoreSimulator.SimDevice.0C1BA81C-85B1-450A-9DD8-5A1839ACCC14[38002] (com.apple.assetsd.notificationServer) <Warning>: The HideUntilCheckIn property is an architectural performance issue. Please transition away from it.
Tue Jun 11 09:54:51 2019 MacBook-Pro-di-tomas.local com.apple.CoreSimulator.SimDevice.0C1BA81C-85B1-450A-9DD8-5A1839ACCC14[38002] (com.apple.xpc.launchd.domain.system) <Error>: Service sets EnableTransactions=false and EnablePressuredExit=true, which makes no sense. Enabling Transactions.
Tue Jun 11 09:54:51 2019 MacBook-Pro-di-tomas.local com.apple.CoreSimulator.SimDevice.0C1BA81C-85B1-450A-9DD8-5A1839ACCC14[38002] (com.apple.xpc.launchd.domain.system) <Error>: Service sets EnableTransactions=false and EnablePressuredExit=true, which makes no sense. Enabling Transactions.
Tue Jun 11 09:54:51 2019 MacBook-Pro-di-tomas.local com.apple.CoreSimulator.SimDevice.0C1BA81C-85B1-450A-9DD8-5A1839ACCC14[38002] (com.apple.assertiond) <Notice>: This service is defined to be constantly running and is inherently inefficient.
Tue Jun 11 09:54:51 2019 MacBook-Pro-di-tomas.local com.apple.CoreSimulator.SimDevice.0C1BA81C-85B1-450A-9DD8-5A1839ACCC14[38002] (com.apple.xpc.launchd.domain.system) <Error>: Service sets EnableTransactions=false and EnablePressuredExit=true, which makes no sense. Enabling Transactions.
Tue Jun 11 09:54:51 2019 MacBook-Pro-di-tomas.local com.apple.CoreSimulator.SimDevice.0C1BA81C-85B1-450A-9DD8-5A1839ACCC14[38002] (com.apple.UserEventAgent-System) <Notice>: This service is defined to be constantly running and is inherently inefficient.
Tue Jun 11 09:54:51 2019 MacBook-Pro-di-tomas.local com.apple.CoreSimulator.SimDevice.0C1BA81C-85B1-450A-9DD8-5A1839ACCC14[38002] (com.apple.xpc.launchd.domain.system) <Error>: Service sets EnableTransactions=false and EnablePressuredExit=true, which makes no sense. Enabling Transactions.
Tue Jun 11 09:54:51 2019 MacBook-Pro-di-tomas.local com.apple.CoreSimulator.SimDevice.0C1BA81C-85B1-450A-9DD8-5A1839ACCC14[38002] (com.apple.xpc.launchd.domain.system) <Error>: Service sets EnableTransactions=false and EnablePressuredExit=true, which makes no sense. Enabling Transactions.
Tue Jun 11 09:54:51 2019 MacBook-Pro-di-tomas.local com.apple.CoreSimulator.SimDevice.0C1BA81C-85B1-450A-9DD8-5A1839ACCC14[38002] (com.apple.xpc.launchd.domain.system) <Error>: Service sets EnableTransactions=false and EnablePressuredExit=true, which makes no sense. Enabling Transactions.
Tue Jun 11 09:54:51 2019 MacBook-Pro-di-tomas.local com.apple.CoreSimulator.SimDevice.0C1BA81C-85B1-450A-9DD8-5A1839ACCC14[38002] (com.apple.xpc.launchd.domain.system) <Error>: Service sets EnableTransactions=false and EnablePressuredExit=true, which makes no sense. Enabling Transactions.
Tue Jun 11 09:54:51 2019 MacBook-Pro-di-tomas.local com.apple.CoreSimulator.SimDevice.0C1BA81C-85B1-450A-9DD8-5A1839ACCC14[38002] (com.apple.xpc.launchd.domain.system) <Error>: Service sets EnableTransactions=false and EnablePressuredExit=true, which makes no sense. Enabling Transactions.
Tue Jun 11 09:54:51 2019 MacBook-Pro-di-tomas.local com.apple.CoreSimulator.SimDevice.0C1BA81C-85B1-450A-9DD8-5A1839ACCC14[38002] (com.apple.xpc.launchd.domain.system) <Error>: Service sets EnableTransactions=false and EnablePressuredExit=true, which makes no sense. Enabling Transactions.
Tue Jun 11 09:54:51 2019 MacBook-Pro-di-tomas.local com.apple.CoreSimulator.SimDevice.0C1BA81C-85B1-450A-9DD8-5A1839ACCC14[38002] (com.apple.SpringBoard) <Warning>: Unknown key for Boolean: HighPriorityIO
Tue Jun 11 09:54:51 2019 MacBook-Pro-di-tomas.local com.apple.CoreSimulator.SimDevice.0C1BA81C-85B1-450A-9DD8-5A1839ACCC14[38002] (com.apple.springboard.services) <Warning>: The HideUntilCheckIn property is an architectural performance issue. Please transition away from it.
Tue Jun 11 09:54:51 2019 MacBook-Pro-di-tomas.local com.apple.CoreSimulator.SimDevice.0C1BA81C-85B1-450A-9DD8-5A1839ACCC14[38002] (com.apple.springboard.backgroundappservices) <Warning>: The HideUntilCheckIn property is an architectural performance issue. Please transition away from it.
Tue Jun 11 09:54:51 2019 MacBook-Pro-di-tomas.local com.apple.CoreSimulator.SimDevice.0C1BA81C-85B1-450A-9DD8-5A1839ACCC14[38002] (com.apple.springboard.processinvalidation) <Warning>: The HideUntilCheckIn property is an architectural performance issue. Please transition away from it.
Tue Jun 11 09:54:51 2019 MacBook-Pro-di-tomas.local com.apple.CoreSimulator.SimDevice.0C1BA81C-85B1-450A-9DD8-5A1839ACCC14[38002] (com.apple.SpringBoard) <Notice>: This service is defined to be constantly running and is inherently inefficient.
Tue Jun 11 09:54:51 2019 MacBook-Pro-di-tomas.local com.apple.CoreSimulator.SimDevice.0C1BA81C-85B1-450A-9DD8-5A1839ACCC14[38002] (com.apple.xpc.launchd.domain.system) <Error>: Service sets EnableTransactions=false and EnablePressuredExit=true, which makes no sense. Enabling Transactions.
Tue Jun 11 09:54:51 2019 MacBook-Pro-di-tomas.local com.apple.CoreSimulator.SimDevice.0C1BA81C-85B1-450A-9DD8-5A1839ACCC14[38002] (com.apple.coreservices.useractivityd) <Warning>: Unknown key for Boolean: DrainMessagesAfterFailedInit
Tue Jun 11 09:54:51 2019 MacBook-Pro-di-tomas.local com.apple.CoreSimulator.SimDevice.0C1BA81C-85B1-450A-9DD8-5A1839ACCC14[38002] (com.apple.xpc.launchd.domain.system) <Error>: Service sets EnableTransactions=false and EnablePressuredExit=true, which makes no sense. Enabling Transactions.
Tue Jun 11 09:54:51 2019 MacBook-Pro-di-tomas.local com.apple.CoreSimulator.SimDevice.0C1BA81C-85B1-450A-9DD8-5A1839ACCC14[38002] (com.apple.xpc.launchd.domain.system) <Error>: Service sets EnableTransactions=false and EnablePressuredExit=true, which makes no sense. Enabling Transactions.
Tue Jun 11 09:54:51 2019 MacBook-Pro-di-tomas.local com.apple.CoreSimulator.SimDevice.0C1BA81C-85B1-450A-9DD8-5A1839ACCC14[38002] (com.apple.xpc.launchd.domain.system) <Error>: Service sets EnableTransactions=false and EnablePressuredExit=true, which makes no sense. Enabling Transactions.
Tue Jun 11 09:54:51 2019 MacBook-Pro-di-tomas.local com.apple.CoreSimulator.SimDevice.0C1BA81C-85B1-450A-9DD8-5A1839ACCC14[38002] (com.apple.testmanagerd) <Warning>: Unknown key for Boolean: AllowByProxy
Tue Jun 11 09:54:51 2019 MacBook-Pro-di-tomas.local com.apple.CoreSimulator.SimDevice.0C1BA81C-85B1-450A-9DD8-5A1839ACCC14[38002] (com.apple.accessibility.axAuditDaemon.deviceservice) <Warning>: Unknown key for string: _DirtyJetsamPriority
Tue Jun 11 09:54:51 2019 MacBook-Pro-di-tomas.local com.apple.CoreSimulator.SimDevice.0C1BA81C-85B1-450A-9DD8-5A1839ACCC14[38002] (com.apple.accessibility.axAuditDaemon.deviceservice) <Warning>: Unknown key for string: _DirtyJetsamMemoryLimit
Tue Jun 11 09:54:51 2019 MacBook-Pro-di-tomas.local com.apple.CoreSimulator.SimDevice.0C1BA81C-85B1-450A-9DD8-5A1839ACCC14[38002] (com.apple.accessibility.axAuditDaemon.deviceservice) <Warning>: Unknown key for integer: JetsamMemoryLimit
Tue Jun 11 09:54:51 2019 MacBook-Pro-di-tomas.local com.apple.CoreSimulator.SimDevice.0C1BA81C-85B1-450A-9DD8-5A1839ACCC14[38002] (com.apple.accessibility.axAuditDaemon.deviceservice) <Warning>: Unknown key for dictionary: XPCService
Tue Jun 11 09:54:51 2019 MacBook-Pro-di-tomas.local com.apple.CoreSimulator.SimDevice.0C1BA81C-85B1-450A-9DD8-5A1839ACCC14[38002] (com.apple.accessibility.axAuditDaemon.deviceservice) <Warning>: Unknown key for Boolean: AllowByProxy
Tue Jun 11 09:54:51 2019 MacBook-Pro-di-tomas.local com.apple.CoreSimulator.SimDevice.0C1BA81C-85B1-450A-9DD8-5A1839ACCC14[38002] (com.apple.CoreSimulator.bridge) <Notice>: This service is defined to be constantly running and is inherently inefficient.
Tue Jun 11 09:54:51 2019 MacBook-Pro-di-tomas.local com.apple.CoreSimulator.SimDevice.0C1BA81C-85B1-450A-9DD8-5A1839ACCC14[38002] (com.apple.notifyd.38030) <Warning>: Endpoint has been activated through legacy launch(3) APIs. Please switch to XPC or bootstrap_check_in(): com.apple.system.notification_center
Tue Jun 11 09:54:51 2019 MacBook-Pro-di-tomas.local com.apple.CoreSimulator.SimDevice.0C1BA81C-85B1-450A-9DD8-5A1839ACCC14[38002] (com.apple.syslogd.38004) <Warning>: Endpoint has been activated through legacy launch(3) APIs. Please switch to XPC or bootstrap_check_in(): com.apple.system.logger
Tue Jun 11 09:54:55 2019 MacBook-Pro-di-tomas.local com.apple.CoreSimulator.SimDevice.0C1BA81C-85B1-450A-9DD8-5A1839ACCC14[38002] (com.apple.imfoundation.IMRemoteURLConnectionAgent) <Warning>: Unknown key for integer: _DirtyJetsamMemoryLimit
Tue Jun 11 09:54:56 2019 MacBook-Pro-di-tomas.local com.apple.CoreSimulator.SimDevice.0C1BA81C-85B1-450A-9DD8-5A1839ACCC14[38002] (com.apple.OTAPKIAssetTool.38072) <Warning>: Could not find and/or execute program specified by service: 2: No such file or directory: /Library/Developer/CoreSimulator/Profiles/Runtimes/iOS 10.3.simruntime/Contents/Resources/RuntimeRoot/usr/libexec/OTAPKIAssetTool
Tue Jun 11 09:54:56 2019 MacBook-Pro-di-tomas.local com.apple.CoreSimulator.SimDevice.0C1BA81C-85B1-450A-9DD8-5A1839ACCC14[38002] (com.apple.OTAPKIAssetTool.38072) <Notice>: Service setup event to handle failure and will not launch until it fires.
Tue Jun 11 09:54:57 2019 MacBook-Pro-di-tomas.local com.apple.CoreSimulator.SimDevice.0C1BA81C-85B1-450A-9DD8-5A1839ACCC14[38002] (com.apple.WebBookmarks.webbookmarksd.38075) <Warning>: Could not find and/or execute program specified by service: 2: No such file or directory: /Library/Developer/CoreSimulator/Profiles/Runtimes/iOS 10.3.simruntime/Contents/Resources/RuntimeRoot/usr/libexec/webbookmarksd
Tue Jun 11 09:54:57 2019 MacBook-Pro-di-tomas.local com.apple.CoreSimulator.SimDevice.0C1BA81C-85B1-450A-9DD8-5A1839ACCC14[38002] (com.apple.WebBookmarks.webbookmarksd.38075) <Notice>: Service setup event to handle failure and will not launch until it fires.
Tue Jun 11 09:54:59 2019 MacBook-Pro-di-tomas.local com.apple.CoreSimulator.SimDevice.0C1BA81C-85B1-450A-9DD8-5A1839ACCC14[38002] (com.apple.imfoundation.IMRemoteURLConnectionAgent) <Warning>: Unknown key for integer: _DirtyJetsamMemoryLimit
Tue Jun 11 09:55:00 2019 MacBook-Pro-di-tomas.local com.apple.CoreSimulator.SimDevice.0C1BA81C-85B1-450A-9DD8-5A1839ACCC14[38002] (com.apple.imfoundation.IMRemoteURLConnectionAgent) <Warning>: Unknown key for integer: _DirtyJetsamMemoryLimit
Tue Jun 11 09:55:00 2019 MacBook-Pro-di-tomas.local com.apple.CoreSimulator.SimDevice.0C1BA81C-85B1-450A-9DD8-5A1839ACCC14[38002] (com.apple.imfoundation.IMRemoteURLConnectionAgent) <Warning>: Unknown key for integer: _DirtyJetsamMemoryLimit
Tue Jun 11 09:55:01 2019 MacBook-Pro-di-tomas.local com.apple.CoreSimulator.SimDevice.0C1BA81C-85B1-450A-9DD8-5A1839ACCC14[38002] (com.apple.accessibility.AccessibilityUIServer) <Warning>: Unknown key for integer: _DirtyJetsamMemoryLimit
Tue Jun 11 09:55:01 2019 MacBook-Pro-di-tomas.local com.apple.CoreSimulator.SimDevice.0C1BA81C-85B1-450A-9DD8-5A1839ACCC14[38002] (com.apple.imfoundation.IMRemoteURLConnectionAgent) <Warning>: Unknown key for integer: _DirtyJetsamMemoryLimit
Tue Jun 11 09:55:04 2019 MacBook-Pro-di-tomas.local com.apple.CoreSimulator.SimDevice.0C1BA81C-85B1-450A-9DD8-5A1839ACCC14[38002] (com.apple.imfoundation.IMRemoteURLConnectionAgent) <Warning>: Unknown key for integer: _DirtyJetsamMemoryLimit
Tue Jun 11 09:55:04 2019 MacBook-Pro-di-tomas.local com.apple.CoreSimulator.SimDevice.0C1BA81C-85B1-450A-9DD8-5A1839ACCC14[38002] (com.apple.imdpersistence.IMDPersistenceAgent) <Warning>: Unknown key for integer: _DirtyJetsamPriority
Tue Jun 11 09:55:04 2019 MacBook-Pro-di-tomas.local com.apple.CoreSimulator.SimDevice.0C1BA81C-85B1-450A-9DD8-5A1839ACCC14[38002] (com.apple.imdpersistence.IMDPersistenceAgent) <Warning>: Unknown key for integer: _DirtyJetsamMemoryLimit
Tue Jun 11 09:55:04 2019 MacBook-Pro-di-tomas.local com.apple.CoreSimulator.SimDevice.0C1BA81C-85B1-450A-9DD8-5A1839ACCC14[38002] (com.apple.imfoundation.IMRemoteURLConnectionAgent) <Warning>: Unknown key for integer: _DirtyJetsamMemoryLimit
Tue Jun 11 09:55:06 2019 MacBook-Pro-di-tomas.local com.apple.CoreSimulator.SimDevice.0C1BA81C-85B1-450A-9DD8-5A1839ACCC14[38002] (com.apple.imfoundation.IMRemoteURLConnectionAgent) <Warning>: Unknown key for integer: _DirtyJetsamMemoryLimit
Tue Jun 11 09:55:08 2019 MacBook-Pro-di-tomas.local com.apple.CoreSimulator.SimDevice.0C1BA81C-85B1-450A-9DD8-5A1839ACCC14[38002] (com.apple.imfoundation.IMRemoteURLConnectionAgent) <Warning>: Unknown key for integer: _DirtyJetsamMemoryLimit
Tue Jun 11 09:55:09 2019 MacBook-Pro-di-tomas.local com.apple.CoreSimulator.SimDevice.0C1BA81C-85B1-450A-9DD8-5A1839ACCC14[38002] <Error>: Rejected invalid request.
Tue Jun 11 09:55:09 2019 MacBook-Pro-di-tomas.local com.apple.CoreSimulator.SimDevice.0C1BA81C-85B1-450A-9DD8-5A1839ACCC14[38002] <Error>: Rejected invalid request.
Tue Jun 11 09:55:09 2019 MacBook-Pro-di-tomas.local com.apple.CoreSimulator.SimDevice.0C1BA81C-85B1-450A-9DD8-5A1839ACCC14[38002] <Error>: Rejected invalid request.
Tue Jun 11 09:55:09 2019 MacBook-Pro-di-tomas.local com.apple.CoreSimulator.SimDevice.0C1BA81C-85B1-450A-9DD8-5A1839ACCC14[38002] <Error>: Rejected invalid request.
Tue Jun 11 09:55:09 2019 MacBook-Pro-di-tomas.local com.apple.CoreSimulator.SimDevice.0C1BA81C-85B1-450A-9DD8-5A1839ACCC14[38002] <Error>: Rejected invalid request.
Tue Jun 11 09:55:09 2019 MacBook-Pro-di-tomas.local com.apple.CoreSimulator.SimDevice.0C1BA81C-85B1-450A-9DD8-5A1839ACCC14[38002] <Error>: Rejected invalid request.
Tue Jun 11 09:55:18 2019 MacBook-Pro-di-tomas.local com.apple.CoreSimulator.SimDevice.0C1BA81C-85B1-450A-9DD8-5A1839ACCC14[38002] (UIKitApplication:com.tomascamin.SBTUITestTunnel-Example[0x36bf][38023].38106) <Notice>: Service exited due to Terminated: 15
Tue Jun 11 09:55:19 2019 MacBook-Pro-di-tomas.local com.apple.CoreSimulator.SimDevice.0C1BA81C-85B1-450A-9DD8-5A1839ACCC14[38002] (UIKitApplication:com.apple.test.SBTUITestTunnel_Tests-Runner[0x2d00][38023].38099) <Notice>: Service exited due to Killed: 9
Tue Jun 11 09:55:46 2019 MacBook-Pro-di-tomas.local com.apple.CoreSimulator.SimDevice.0C1BA81C-85B1-450A-9DD8-5A1839ACCC14[38002] (com.apple.nsurlsessiond.38051) <Notice>: Service exited due to Killed: 9
Tue Jun 11 09:55:46 2019 MacBook-Pro-di-tomas.local com.apple.CoreSimulator.SimDevice.0C1BA81C-85B1-450A-9DD8-5A1839ACCC14[38002] (com.apple.FileCoordination.38060) <Notice>: Service exited due to Killed: 9
Tue Jun 11 09:55:49 2019 MacBook-Pro-di-tomas.local com.apple.CoreSimulator.SimDevice.0C1BA81C-85B1-450A-9DD8-5A1839ACCC14[38002] (com.apple.locationd.38022) <Warning>: Service exited with abnormal code: 1
Tue Jun 11 09:55:50 2019 MacBook-Pro-di-tomas.local com.apple.CoreSimulator.SimDevice.0C1BA81C-85B1-450A-9DD8-5A1839ACCC14[38002] (com.apple.UserEventAgent-System.38005) <Warning>: Service did not exit 5 seconds after SIGTERM. Sending SIGKILL.
Tue Jun 11 09:55:50 2019 MacBook-Pro-di-tomas.local com.apple.CoreSimulator.SimDevice.0C1BA81C-85B1-450A-9DD8-5A1839ACCC14[38002] (com.apple.MobileSMS.spotlight.38094) <Warning>: Service did not exit 5 seconds after SIGTERM. Sending SIGKILL.
