Tue Jun 11 13:44:19 2019 MacBook-Pro-di-tomas.local com.apple.CoreSimulator.SimDevice.8D341C93-70A5-4BEE-B72D-D762EC52F9A9[64340] (com.apple.ids_simd) <Notice>: This service is defined to be constantly running and is inherently inefficient.
Tue Jun 11 13:44:19 2019 MacBook-Pro-di-tomas.local com.apple.CoreSimulator.SimDevice.8D341C93-70A5-4BEE-B72D-D762EC52F9A9[64340] (com.apple.xpc.launchd.domain.system) <Error>: Service sets EnableTransactions=false and EnablePressuredExit=true, which makes no sense. Enabling Transactions.
Tue Jun 11 13:44:19 2019 MacBook-Pro-di-tomas.local com.apple.CoreSimulator.SimDevice.8D341C93-70A5-4BEE-B72D-D762EC52F9A9[64340] (com.apple.xpc.launchd.domain.system) <Error>: Service sets EnableTransactions=false and EnablePressuredExit=true, which makes no sense. Enabling Transactions.
Tue Jun 11 13:44:19 2019 MacBook-Pro-di-tomas.local com.apple.CoreSimulator.SimDevice.8D341C93-70A5-4BEE-B72D-D762EC52F9A9[64340] (com.apple.nanoregistryd) <Warning>: Unknown key for Boolean: TransactionTimeLimitEnabled
Tue Jun 11 13:44:19 2019 MacBook-Pro-di-tomas.local com.apple.CoreSimulator.SimDevice.8D341C93-70A5-4BEE-B72D-D762EC52F9A9[64340] (com.apple.xpc.launchd.domain.system) <Error>: Service sets EnableTransactions=false and EnablePressuredExit=true, which makes no sense. Enabling Transactions.
Tue Jun 11 13:44:19 2019 MacBook-Pro-di-tomas.local com.apple.CoreSimulator.SimDevice.8D341C93-70A5-4BEE-B72D-D762EC52F9A9[64340] (com.apple.syslogd) <Notice>: Please switch away from OnDemand to KeepAlive.
Tue Jun 11 13:44:19 2019 MacBook-Pro-di-tomas.local com.apple.CoreSimulator.SimDevice.8D341C93-70A5-4BEE-B72D-D762EC52F9A9[64340] (com.apple.xpc.launchd.domain.system) <Error>: Service sets EnableTransactions=false and EnablePressuredExit=true, which makes no sense. Enabling Transactions.
Tue Jun 11 13:44:19 2019 MacBook-Pro-di-tomas.local com.apple.CoreSimulator.SimDevice.8D341C93-70A5-4BEE-B72D-D762EC52F9A9[64340] (com.apple.xpc.launchd.domain.system) <Error>: Service sets EnableTransactions=false and EnablePressuredExit=true, which makes no sense. Enabling Transactions.
Tue Jun 11 13:44:19 2019 MacBook-Pro-di-tomas.local com.apple.CoreSimulator.SimDevice.8D341C93-70A5-4BEE-B72D-D762EC52F9A9[64340] (com.apple.xpc.launchd.domain.system) <Error>: Service sets EnableTransactions=false and EnablePressuredExit=true, which makes no sense. Enabling Transactions.
Tue Jun 11 13:44:19 2019 MacBook-Pro-di-tomas.local com.apple.CoreSimulator.SimDevice.8D341C93-70A5-4BEE-B72D-D762EC52F9A9[64340] (com.apple.mediaartworkd) <Warning>: Unknown ProcessType: AdaptiveUtility
Tue Jun 11 13:44:19 2019 MacBook-Pro-di-tomas.local com.apple.CoreSimulator.SimDevice.8D341C93-70A5-4BEE-B72D-D762EC52F9A9[64340] (com.apple.xpc.launchd.domain.system) <Error>: Service sets EnableTransactions=false and EnablePressuredExit=true, which makes no sense. Enabling Transactions.
Tue Jun 11 13:44:19 2019 MacBook-Pro-di-tomas.local com.apple.CoreSimulator.SimDevice.8D341C93-70A5-4BEE-B72D-D762EC52F9A9[64340] (com.apple.xpc.launchd.domain.system) <Error>: Service sets EnableTransactions=false and EnablePressuredExit=true, which makes no sense. Enabling Transactions.
Tue Jun 11 13:44:19 2019 MacBook-Pro-di-tomas.local com.apple.CoreSimulator.SimDevice.8D341C93-70A5-4BEE-B72D-D762EC52F9A9[64340] (com.apple.xpc.launchd.domain.system) <Error>: Service sets EnableTransactions=false and EnablePressuredExit=true, which makes no sense. Enabling Transactions.
Tue Jun 11 13:44:19 2019 MacBook-Pro-di-tomas.local com.apple.CoreSimulator.SimDevice.8D341C93-70A5-4BEE-B72D-D762EC52F9A9[64340] (com.apple.wcd) <Warning>: Unknown key for Boolean: TransactionTimeLimitEnabled
Tue Jun 11 13:44:19 2019 MacBook-Pro-di-tomas.local com.apple.CoreSimulator.SimDevice.8D341C93-70A5-4BEE-B72D-D762EC52F9A9[64340] (com.apple.logd) <Notice>: This service is defined to be constantly running and is inherently inefficient.
Tue Jun 11 13:44:19 2019 MacBook-Pro-di-tomas.local com.apple.CoreSimulator.SimDevice.8D341C93-70A5-4BEE-B72D-D762EC52F9A9[64340] (com.apple.backboardd) <Warning>: Unknown key for Boolean: HighPriorityIO
Tue Jun 11 13:44:19 2019 MacBook-Pro-di-tomas.local com.apple.CoreSimulator.SimDevice.8D341C93-70A5-4BEE-B72D-D762EC52F9A9[64340] (com.apple.backboardd) <Notice>: This service is defined to be constantly running and is inherently inefficient.
Tue Jun 11 13:44:19 2019 MacBook-Pro-di-tomas.local com.apple.CoreSimulator.SimDevice.8D341C93-70A5-4BEE-B72D-D762EC52F9A9[64340] (com.apple.xpc.launchd.domain.system) <Error>: Service sets EnableTransactions=false and EnablePressuredExit=true, which makes no sense. Enabling Transactions.
Tue Jun 11 13:44:19 2019 MacBook-Pro-di-tomas.local com.apple.CoreSimulator.SimDevice.8D341C93-70A5-4BEE-B72D-D762EC52F9A9[64340] (com.apple.xpc.launchd.domain.system) <Error>: Service sets EnableTransactions=false and EnablePressuredExit=true, which makes no sense. Enabling Transactions.
Tue Jun 11 13:44:19 2019 MacBook-Pro-di-tomas.local com.apple.CoreSimulator.SimDevice.8D341C93-70A5-4BEE-B72D-D762EC52F9A9[64340] (com.apple.xpc.launchd.domain.system) <Error>: Service sets EnableTransactions=false and EnablePressuredExit=true, which makes no sense. Enabling Transactions.
Tue Jun 11 13:44:19 2019 MacBook-Pro-di-tomas.local com.apple.CoreSimulator.SimDevice.8D341C93-70A5-4BEE-B72D-D762EC52F9A9[64340] (com.apple.xpc.launchd.domain.system) <Error>: Service sets EnableTransactions=false and EnablePressuredExit=true, which makes no sense. Enabling Transactions.
Tue Jun 11 13:44:19 2019 MacBook-Pro-di-tomas.local com.apple.CoreSimulator.SimDevice.8D341C93-70A5-4BEE-B72D-D762EC52F9A9[64340] (com.apple.managedconfiguration.profiled) <Error>: ThrottleInterval set to zero. You're not that important. Ignoring.
Tue Jun 11 13:44:19 2019 MacBook-Pro-di-tomas.local com.apple.CoreSimulator.SimDevice.8D341C93-70A5-4BEE-B72D-D762EC52F9A9[64340] (com.apple.xpc.launchd.domain.system) <Error>: Service sets EnableTransactions=false and EnablePressuredExit=true, which makes no sense. Enabling Transactions.
Tue Jun 11 13:44:19 2019 MacBook-Pro-di-tomas.local com.apple.CoreSimulator.SimDevice.8D341C93-70A5-4BEE-B72D-D762EC52F9A9[64340] (com.apple.xpc.launchd.domain.system) <Error>: Service sets EnableTransactions=false and EnablePressuredExit=true, which makes no sense. Enabling Transactions.
Tue Jun 11 13:44:19 2019 MacBook-Pro-di-tomas.local com.apple.CoreSimulator.SimDevice.8D341C93-70A5-4BEE-B72D-D762EC52F9A9[64340] (com.apple.xpc.launchd.domain.system) <Error>: Service sets EnableTransactions=false and EnablePressuredExit=true, which makes no sense. Enabling Transactions.
Tue Jun 11 13:44:19 2019 MacBook-Pro-di-tomas.local com.apple.CoreSimulator.SimDevice.8D341C93-70A5-4BEE-B72D-D762EC52F9A9[64340] (com.apple.xpc.launchd.domain.system) <Error>: Service sets EnableTransactions=false and EnablePressuredExit=true, which makes no sense. Enabling Transactions.
Tue Jun 11 13:44:19 2019 MacBook-Pro-di-tomas.local com.apple.CoreSimulator.SimDevice.8D341C93-70A5-4BEE-B72D-D762EC52F9A9[64340] (com.apple.searchd) <Warning>: Unknown key for dictionary: NoEnvironmentVariables
Tue Jun 11 13:44:19 2019 MacBook-Pro-di-tomas.local com.apple.CoreSimulator.SimDevice.8D341C93-70A5-4BEE-B72D-D762EC52F9A9[64340] (com.apple.revisiond) <Notice>: This service is defined to be constantly running and is inherently inefficient.
Tue Jun 11 13:44:19 2019 MacBook-Pro-di-tomas.local com.apple.CoreSimulator.SimDevice.8D341C93-70A5-4BEE-B72D-D762EC52F9A9[64340] (com.apple.xpc.launchd.domain.system) <Error>: Service sets EnableTransactions=false and EnablePressuredExit=true, which makes no sense. Enabling Transactions.
Tue Jun 11 13:44:19 2019 MacBook-Pro-di-tomas.local com.apple.CoreSimulator.SimDevice.8D341C93-70A5-4BEE-B72D-D762EC52F9A9[64340] (com.apple.xpc.launchd.domain.system) <Error>: Service sets EnableTransactions=false and EnablePressuredExit=true, which makes no sense. Enabling Transactions.
Tue Jun 11 13:44:19 2019 MacBook-Pro-di-tomas.local com.apple.CoreSimulator.SimDevice.8D341C93-70A5-4BEE-B72D-D762EC52F9A9[64340] (com.apple.coreservices.appleid.passwordcheck) <Warning>: Unknown key for Boolean: DrainMessagesAfterFailedInit
Tue Jun 11 13:44:19 2019 MacBook-Pro-di-tomas.local com.apple.CoreSimulator.SimDevice.8D341C93-70A5-4BEE-B72D-D762EC52F9A9[64340] (com.apple.xpc.launchd.domain.system) <Error>: Service sets EnableTransactions=false and EnablePressuredExit=true, which makes no sense. Enabling Transactions.
Tue Jun 11 13:44:19 2019 MacBook-Pro-di-tomas.local com.apple.CoreSimulator.SimDevice.8D341C93-70A5-4BEE-B72D-D762EC52F9A9[64340] (com.apple.calaccessd.xpc) <Warning>: The HideUntilCheckIn property is an architectural performance issue. Please transition away from it.
Tue Jun 11 13:44:19 2019 MacBook-Pro-di-tomas.local com.apple.CoreSimulator.SimDevice.8D341C93-70A5-4BEE-B72D-D762EC52F9A9[64340] (com.apple.xpc.launchd.domain.system) <Error>: Service sets EnableTransactions=false and EnablePressuredExit=true, which makes no sense. Enabling Transactions.
Tue Jun 11 13:44:19 2019 MacBook-Pro-di-tomas.local com.apple.CoreSimulator.SimDevice.8D341C93-70A5-4BEE-B72D-D762EC52F9A9[64340] (com.apple.xpc.launchd.domain.system) <Error>: Service sets EnableTransactions=false and EnablePressuredExit=true, which makes no sense. Enabling Transactions.
Tue Jun 11 13:44:19 2019 MacBook-Pro-di-tomas.local com.apple.CoreSimulator.SimDevice.8D341C93-70A5-4BEE-B72D-D762EC52F9A9[64340] (com.apple.xpc.launchd.domain.system) <Error>: Service sets EnableTransactions=false and EnablePressuredExit=true, which makes no sense. Enabling Transactions.
Tue Jun 11 13:44:19 2019 MacBook-Pro-di-tomas.local com.apple.CoreSimulator.SimDevice.8D341C93-70A5-4BEE-B72D-D762EC52F9A9[64340] (com.apple.xpc.launchd.domain.system) <Error>: Service sets EnableTransactions=false and EnablePressuredExit=true, which makes no sense. Enabling Transactions.
Tue Jun 11 13:44:19 2019 MacBook-Pro-di-tomas.local com.apple.CoreSimulator.SimDevice.8D341C93-70A5-4BEE-B72D-D762EC52F9A9[64340] (com.apple.diagnosticd.reflect-listener) <Warning>: This socket key is not supported on this platform: SockPathName.
Tue Jun 11 13:44:19 2019 MacBook-Pro-di-tomas.local com.apple.CoreSimulator.SimDevice.8D341C93-70A5-4BEE-B72D-D762EC52F9A9[64340] (com.apple.xpc.launchd.domain.system) <Error>: Service sets EnableTransactions=false and EnablePressuredExit=true, which makes no sense. Enabling Transactions.
Tue Jun 11 13:44:19 2019 MacBook-Pro-di-tomas.local com.apple.CoreSimulator.SimDevice.8D341C93-70A5-4BEE-B72D-D762EC52F9A9[64340] (com.apple.icloud.fmfd) <Error>: The Debug key is no longer respected. Please remove it.
Tue Jun 11 13:44:19 2019 MacBook-Pro-di-tomas.local com.apple.CoreSimulator.SimDevice.8D341C93-70A5-4BEE-B72D-D762EC52F9A9[64340] (com.apple.xpc.launchd.domain.system) <Error>: Service sets EnableTransactions=false and EnablePressuredExit=true, which makes no sense. Enabling Transactions.
Tue Jun 11 13:44:19 2019 MacBook-Pro-di-tomas.local com.apple.CoreSimulator.SimDevice.8D341C93-70A5-4BEE-B72D-D762EC52F9A9[64340] (com.apple.midiserver.sim.io) <Warning>: The HideUntilCheckIn property is an architectural performance issue. Please transition away from it.
Tue Jun 11 13:44:19 2019 MacBook-Pro-di-tomas.local com.apple.CoreSimulator.SimDevice.8D341C93-70A5-4BEE-B72D-D762EC52F9A9[64340] (com.apple.xpc.launchd.domain.system) <Error>: Service sets EnableTransactions=false and EnablePressuredExit=true, which makes no sense. Enabling Transactions.
Tue Jun 11 13:44:19 2019 MacBook-Pro-di-tomas.local com.apple.CoreSimulator.SimDevice.8D341C93-70A5-4BEE-B72D-D762EC52F9A9[64340] (com.apple.xpc.launchd.domain.system) <Error>: Service sets EnableTransactions=false and EnablePressuredExit=true, which makes no sense. Enabling Transactions.
Tue Jun 11 13:44:19 2019 MacBook-Pro-di-tomas.local com.apple.CoreSimulator.SimDevice.8D341C93-70A5-4BEE-B72D-D762EC52F9A9[64340] (com.apple.xpc.launchd.domain.system) <Error>: Service sets EnableTransactions=false and EnablePressuredExit=true, which makes no sense. Enabling Transactions.
Tue Jun 11 13:44:19 2019 MacBook-Pro-di-tomas.local com.apple.CoreSimulator.SimDevice.8D341C93-70A5-4BEE-B72D-D762EC52F9A9[64340] (com.apple.passd) <Warning>: Unknown key for string: com.apple.application-identifier
Tue Jun 11 13:44:19 2019 MacBook-Pro-di-tomas.local com.apple.CoreSimulator.SimDevice.8D341C93-70A5-4BEE-B72D-D762EC52F9A9[64340] (com.apple.voiced) <Notice>: This key does not do anything: OnDemand
Tue Jun 11 13:44:19 2019 MacBook-Pro-di-tomas.local com.apple.CoreSimulator.SimDevice.8D341C93-70A5-4BEE-B72D-D762EC52F9A9[64340] (com.apple.voiced) <Error>: The ServiceIPC key is no longer respected. Please remove it.
Tue Jun 11 13:44:19 2019 MacBook-Pro-di-tomas.local com.apple.CoreSimulator.SimDevice.8D341C93-70A5-4BEE-B72D-D762EC52F9A9[64340] (com.apple.splashboard) <Warning>: Unknown key for integer: JetsamMemoryLimit
Tue Jun 11 13:44:19 2019 MacBook-Pro-di-tomas.local com.apple.CoreSimulator.SimDevice.8D341C93-70A5-4BEE-B72D-D762EC52F9A9[64340] (com.apple.certui.relay) <Error>: ThrottleInterval set to zero. You're not that important. Ignoring.
Tue Jun 11 13:44:19 2019 MacBook-Pro-di-tomas.local com.apple.CoreSimulator.SimDevice.8D341C93-70A5-4BEE-B72D-D762EC52F9A9[64340] (com.apple.xpc.launchd.domain.system) <Error>: Service sets EnableTransactions=false and EnablePressuredExit=true, which makes no sense. Enabling Transactions.
Tue Jun 11 13:44:19 2019 MacBook-Pro-di-tomas.local com.apple.CoreSimulator.SimDevice.8D341C93-70A5-4BEE-B72D-D762EC52F9A9[64340] (com.apple.xpc.launchd.domain.system) <Error>: Service sets EnableTransactions=false and EnablePressuredExit=true, which makes no sense. Enabling Transactions.
Tue Jun 11 13:44:19 2019 MacBook-Pro-di-tomas.local com.apple.CoreSimulator.SimDevice.8D341C93-70A5-4BEE-B72D-D762EC52F9A9[64340] (com.apple.sharingd) <Notice>: This service is defined to be constantly running and is inherently inefficient.
Tue Jun 11 13:44:19 2019 MacBook-Pro-di-tomas.local com.apple.CoreSimulator.SimDevice.8D341C93-70A5-4BEE-B72D-D762EC52F9A9[64340] (com.apple.xpc.launchd.domain.system) <Error>: Service specifies LimitLoadFromHardware which does not make sense for this launchd instance
Tue Jun 11 13:44:19 2019 MacBook-Pro-di-tomas.local com.apple.CoreSimulator.SimDevice.8D341C93-70A5-4BEE-B72D-D762EC52F9A9[64340] (com.apple.xpc.launchd.domain.system) <Error>: Could not import service from caller: path = /Library/Developer/CoreSimulator/Profiles/Runtimes/iOS 10.3.simruntime/Contents/Resources/RuntimeRoot/System/Library/LaunchDaemons/com.apple.touchsetupd.plist, caller = launchd_sim.64340, error = 138: Service cannot be loaded on this hardware
Tue Jun 11 13:44:19 2019 MacBook-Pro-di-tomas.local com.apple.CoreSimulator.SimDevice.8D341C93-70A5-4BEE-B72D-D762EC52F9A9[64340] (com.apple.xpc.launchd.domain.system) <Error>: Service sets EnableTransactions=false and EnablePressuredExit=true, which makes no sense. Enabling Transactions.
Tue Jun 11 13:44:19 2019 MacBook-Pro-di-tomas.local com.apple.CoreSimulator.SimDevice.8D341C93-70A5-4BEE-B72D-D762EC52F9A9[64340] (com.apple.healthd) <Error>: ThrottleInterval set to zero. You're not that important. Ignoring.
Tue Jun 11 13:44:19 2019 MacBook-Pro-di-tomas.local com.apple.CoreSimulator.SimDevice.8D341C93-70A5-4BEE-B72D-D762EC52F9A9[64340] (com.apple.healthd) <Warning>: Unknown key for Boolean: CFBundleAllowMixedLocalizations
Tue Jun 11 13:44:19 2019 MacBook-Pro-di-tomas.local com.apple.CoreSimulator.SimDevice.8D341C93-70A5-4BEE-B72D-D762EC52F9A9[64340] (com.apple.xpc.launchd.domain.system) <Error>: Service sets EnableTransactions=false and EnablePressuredExit=true, which makes no sense. Enabling Transactions.
Tue Jun 11 13:44:19 2019 MacBook-Pro-di-tomas.local com.apple.CoreSimulator.SimDevice.8D341C93-70A5-4BEE-B72D-D762EC52F9A9[64340] (com.apple.xpc.launchd.domain.system) <Error>: Service sets EnableTransactions=false and EnablePressuredExit=true, which makes no sense. Enabling Transactions.
Tue Jun 11 13:44:19 2019 MacBook-Pro-di-tomas.local com.apple.CoreSimulator.SimDevice.8D341C93-70A5-4BEE-B72D-D762EC52F9A9[64340] (com.apple.mediastream.sharing-nowake) <Warning>: The HideUntilCheckIn property is an architectural performance issue. Please transition away from it.
Tue Jun 11 13:44:19 2019 MacBook-Pro-di-tomas.local com.apple.CoreSimulator.SimDevice.8D341C93-70A5-4BEE-B72D-D762EC52F9A9[64340] (com.apple.mediastream.mstreamd-nowake) <Warning>: The HideUntilCheckIn property is an architectural performance issue. Please transition away from it.
Tue Jun 11 13:44:19 2019 MacBook-Pro-di-tomas.local com.apple.CoreSimulator.SimDevice.8D341C93-70A5-4BEE-B72D-D762EC52F9A9[64340] (com.apple.xpc.launchd.domain.system) <Error>: Service sets EnableTransactions=false and EnablePressuredExit=true, which makes no sense. Enabling Transactions.
Tue Jun 11 13:44:19 2019 MacBook-Pro-di-tomas.local com.apple.CoreSimulator.SimDevice.8D341C93-70A5-4BEE-B72D-D762EC52F9A9[64340] (com.apple.xpc.launchd.domain.system) <Error>: Service sets EnableTransactions=false and EnablePressuredExit=true, which makes no sense. Enabling Transactions.
Tue Jun 11 13:44:19 2019 MacBook-Pro-di-tomas.local com.apple.CoreSimulator.SimDevice.8D341C93-70A5-4BEE-B72D-D762EC52F9A9[64340] (com.apple.xpc.launchd.domain.system) <Error>: Service sets EnableTransactions=false and EnablePressuredExit=true, which makes no sense. Enabling Transactions.
Tue Jun 11 13:44:19 2019 MacBook-Pro-di-tomas.local com.apple.CoreSimulator.SimDevice.8D341C93-70A5-4BEE-B72D-D762EC52F9A9[64340] (com.apple.xpc.launchd.domain.system) <Error>: Service sets EnableTransactions=false and EnablePressuredExit=true, which makes no sense. Enabling Transactions.
Tue Jun 11 13:44:19 2019 MacBook-Pro-di-tomas.local com.apple.CoreSimulator.SimDevice.8D341C93-70A5-4BEE-B72D-D762EC52F9A9[64340] (com.apple.xpc.launchd.domain.system) <Error>: Service sets EnableTransactions=false and EnablePressuredExit=true, which makes no sense. Enabling Transactions.
Tue Jun 11 13:44:19 2019 MacBook-Pro-di-tomas.local com.apple.CoreSimulator.SimDevice.8D341C93-70A5-4BEE-B72D-D762EC52F9A9[64340] (com.apple.xpc.launchd.domain.system) <Error>: Service sets EnableTransactions=false and EnablePressuredExit=true, which makes no sense. Enabling Transactions.
Tue Jun 11 13:44:19 2019 MacBook-Pro-di-tomas.local com.apple.CoreSimulator.SimDevice.8D341C93-70A5-4BEE-B72D-D762EC52F9A9[64340] (com.apple.FileCoordination) <Warning>: Unknown key for Boolean: TransactionTimeLimitEnabled
Tue Jun 11 13:44:19 2019 MacBook-Pro-di-tomas.local com.apple.CoreSimulator.SimDevice.8D341C93-70A5-4BEE-B72D-D762EC52F9A9[64340] (com.apple.configd_sim) <Notice>: This service is defined to be constantly running and is inherently inefficient.
Tue Jun 11 13:44:19 2019 MacBook-Pro-di-tomas.local com.apple.CoreSimulator.SimDevice.8D341C93-70A5-4BEE-B72D-D762EC52F9A9[64340] (com.apple.xpc.launchd.domain.system) <Error>: Service sets EnableTransactions=false and EnablePressuredExit=true, which makes no sense. Enabling Transactions.
Tue Jun 11 13:44:19 2019 MacBook-Pro-di-tomas.local com.apple.CoreSimulator.SimDevice.8D341C93-70A5-4BEE-B72D-D762EC52F9A9[64340] (com.apple.xpc.launchd.domain.system) <Error>: Service sets EnableTransactions=false and EnablePressuredExit=true, which makes no sense. Enabling Transactions.
Tue Jun 11 13:44:19 2019 MacBook-Pro-di-tomas.local com.apple.CoreSimulator.SimDevice.8D341C93-70A5-4BEE-B72D-D762EC52F9A9[64340] (com.apple.xpc.launchd.domain.system) <Error>: Service sets EnableTransactions=false and EnablePressuredExit=true, which makes no sense. Enabling Transactions.
Tue Jun 11 13:44:19 2019 MacBook-Pro-di-tomas.local com.apple.CoreSimulator.SimDevice.8D341C93-70A5-4BEE-B72D-D762EC52F9A9[64340] (com.apple.assetsd.notificationServer) <Warning>: The HideUntilCheckIn property is an architectural performance issue. Please transition away from it.
Tue Jun 11 13:44:19 2019 MacBook-Pro-di-tomas.local com.apple.CoreSimulator.SimDevice.8D341C93-70A5-4BEE-B72D-D762EC52F9A9[64340] (com.apple.xpc.launchd.domain.system) <Error>: Service sets EnableTransactions=false and EnablePressuredExit=true, which makes no sense. Enabling Transactions.
Tue Jun 11 13:44:19 2019 MacBook-Pro-di-tomas.local com.apple.CoreSimulator.SimDevice.8D341C93-70A5-4BEE-B72D-D762EC52F9A9[64340] (com.apple.xpc.launchd.domain.system) <Error>: Service sets EnableTransactions=false and EnablePressuredExit=true, which makes no sense. Enabling Transactions.
Tue Jun 11 13:44:19 2019 MacBook-Pro-di-tomas.local com.apple.CoreSimulator.SimDevice.8D341C93-70A5-4BEE-B72D-D762EC52F9A9[64340] (com.apple.assertiond) <Notice>: This service is defined to be constantly running and is inherently inefficient.
Tue Jun 11 13:44:19 2019 MacBook-Pro-di-tomas.local com.apple.CoreSimulator.SimDevice.8D341C93-70A5-4BEE-B72D-D762EC52F9A9[64340] (com.apple.xpc.launchd.domain.system) <Error>: Service sets EnableTransactions=false and EnablePressuredExit=true, which makes no sense. Enabling Transactions.
Tue Jun 11 13:44:19 2019 MacBook-Pro-di-tomas.local com.apple.CoreSimulator.SimDevice.8D341C93-70A5-4BEE-B72D-D762EC52F9A9[64340] (com.apple.UserEventAgent-System) <Notice>: This service is defined to be constantly running and is inherently inefficient.
Tue Jun 11 13:44:19 2019 MacBook-Pro-di-tomas.local com.apple.CoreSimulator.SimDevice.8D341C93-70A5-4BEE-B72D-D762EC52F9A9[64340] (com.apple.xpc.launchd.domain.system) <Error>: Service sets EnableTransactions=false and EnablePressuredExit=true, which makes no sense. Enabling Transactions.
Tue Jun 11 13:44:19 2019 MacBook-Pro-di-tomas.local com.apple.CoreSimulator.SimDevice.8D341C93-70A5-4BEE-B72D-D762EC52F9A9[64340] (com.apple.xpc.launchd.domain.system) <Error>: Service sets EnableTransactions=false and EnablePressuredExit=true, which makes no sense. Enabling Transactions.
Tue Jun 11 13:44:19 2019 MacBook-Pro-di-tomas.local com.apple.CoreSimulator.SimDevice.8D341C93-70A5-4BEE-B72D-D762EC52F9A9[64340] (com.apple.xpc.launchd.domain.system) <Error>: Service sets EnableTransactions=false and EnablePressuredExit=true, which makes no sense. Enabling Transactions.
Tue Jun 11 13:44:19 2019 MacBook-Pro-di-tomas.local com.apple.CoreSimulator.SimDevice.8D341C93-70A5-4BEE-B72D-D762EC52F9A9[64340] (com.apple.xpc.launchd.domain.system) <Error>: Service sets EnableTransactions=false and EnablePressuredExit=true, which makes no sense. Enabling Transactions.
Tue Jun 11 13:44:19 2019 MacBook-Pro-di-tomas.local com.apple.CoreSimulator.SimDevice.8D341C93-70A5-4BEE-B72D-D762EC52F9A9[64340] (com.apple.xpc.launchd.domain.system) <Error>: Service sets EnableTransactions=false and EnablePressuredExit=true, which makes no sense. Enabling Transactions.
Tue Jun 11 13:44:19 2019 MacBook-Pro-di-tomas.local com.apple.CoreSimulator.SimDevice.8D341C93-70A5-4BEE-B72D-D762EC52F9A9[64340] (com.apple.xpc.launchd.domain.system) <Error>: Service sets EnableTransactions=false and EnablePressuredExit=true, which makes no sense. Enabling Transactions.
Tue Jun 11 13:44:19 2019 MacBook-Pro-di-tomas.local com.apple.CoreSimulator.SimDevice.8D341C93-70A5-4BEE-B72D-D762EC52F9A9[64340] (com.apple.SpringBoard) <Warning>: Unknown key for Boolean: HighPriorityIO
Tue Jun 11 13:44:19 2019 MacBook-Pro-di-tomas.local com.apple.CoreSimulator.SimDevice.8D341C93-70A5-4BEE-B72D-D762EC52F9A9[64340] (com.apple.springboard.services) <Warning>: The HideUntilCheckIn property is an architectural performance issue. Please transition away from it.
Tue Jun 11 13:44:19 2019 MacBook-Pro-di-tomas.local com.apple.CoreSimulator.SimDevice.8D341C93-70A5-4BEE-B72D-D762EC52F9A9[64340] (com.apple.springboard.backgroundappservices) <Warning>: The HideUntilCheckIn property is an architectural performance issue. Please transition away from it.
Tue Jun 11 13:44:19 2019 MacBook-Pro-di-tomas.local com.apple.CoreSimulator.SimDevice.8D341C93-70A5-4BEE-B72D-D762EC52F9A9[64340] (com.apple.springboard.processinvalidation) <Warning>: The HideUntilCheckIn property is an architectural performance issue. Please transition away from it.
Tue Jun 11 13:44:19 2019 MacBook-Pro-di-tomas.local com.apple.CoreSimulator.SimDevice.8D341C93-70A5-4BEE-B72D-D762EC52F9A9[64340] (com.apple.SpringBoard) <Notice>: This service is defined to be constantly running and is inherently inefficient.
Tue Jun 11 13:44:19 2019 MacBook-Pro-di-tomas.local com.apple.CoreSimulator.SimDevice.8D341C93-70A5-4BEE-B72D-D762EC52F9A9[64340] (com.apple.xpc.launchd.domain.system) <Error>: Service sets EnableTransactions=false and EnablePressuredExit=true, which makes no sense. Enabling Transactions.
Tue Jun 11 13:44:19 2019 MacBook-Pro-di-tomas.local com.apple.CoreSimulator.SimDevice.8D341C93-70A5-4BEE-B72D-D762EC52F9A9[64340] (com.apple.coreservices.useractivityd) <Warning>: Unknown key for Boolean: DrainMessagesAfterFailedInit
Tue Jun 11 13:44:19 2019 MacBook-Pro-di-tomas.local com.apple.CoreSimulator.SimDevice.8D341C93-70A5-4BEE-B72D-D762EC52F9A9[64340] (com.apple.xpc.launchd.domain.system) <Error>: Service sets EnableTransactions=false and EnablePressuredExit=true, which makes no sense. Enabling Transactions.
Tue Jun 11 13:44:19 2019 MacBook-Pro-di-tomas.local com.apple.CoreSimulator.SimDevice.8D341C93-70A5-4BEE-B72D-D762EC52F9A9[64340] (com.apple.xpc.launchd.domain.system) <Error>: Service sets EnableTransactions=false and EnablePressuredExit=true, which makes no sense. Enabling Transactions.
Tue Jun 11 13:44:19 2019 MacBook-Pro-di-tomas.local com.apple.CoreSimulator.SimDevice.8D341C93-70A5-4BEE-B72D-D762EC52F9A9[64340] (com.apple.accessibility.axAuditDaemon.deviceservice) <Warning>: Unknown key for string: _DirtyJetsamPriority
Tue Jun 11 13:44:19 2019 MacBook-Pro-di-tomas.local com.apple.CoreSimulator.SimDevice.8D341C93-70A5-4BEE-B72D-D762EC52F9A9[64340] (com.apple.accessibility.axAuditDaemon.deviceservice) <Warning>: Unknown key for string: _DirtyJetsamMemoryLimit
Tue Jun 11 13:44:19 2019 MacBook-Pro-di-tomas.local com.apple.CoreSimulator.SimDevice.8D341C93-70A5-4BEE-B72D-D762EC52F9A9[64340] (com.apple.accessibility.axAuditDaemon.deviceservice) <Warning>: Unknown key for integer: JetsamMemoryLimit
Tue Jun 11 13:44:19 2019 MacBook-Pro-di-tomas.local com.apple.CoreSimulator.SimDevice.8D341C93-70A5-4BEE-B72D-D762EC52F9A9[64340] (com.apple.accessibility.axAuditDaemon.deviceservice) <Warning>: Unknown key for dictionary: XPCService
Tue Jun 11 13:44:19 2019 MacBook-Pro-di-tomas.local com.apple.CoreSimulator.SimDevice.8D341C93-70A5-4BEE-B72D-D762EC52F9A9[64340] (com.apple.accessibility.axAuditDaemon.deviceservice) <Warning>: Unknown key for Boolean: AllowByProxy
Tue Jun 11 13:44:19 2019 MacBook-Pro-di-tomas.local com.apple.CoreSimulator.SimDevice.8D341C93-70A5-4BEE-B72D-D762EC52F9A9[64340] (com.apple.xpc.launchd.domain.system) <Error>: Service sets EnableTransactions=false and EnablePressuredExit=true, which makes no sense. Enabling Transactions.
Tue Jun 11 13:44:19 2019 MacBook-Pro-di-tomas.local com.apple.CoreSimulator.SimDevice.8D341C93-70A5-4BEE-B72D-D762EC52F9A9[64340] (com.apple.testmanagerd) <Warning>: Unknown key for Boolean: AllowByProxy
Tue Jun 11 13:44:19 2019 MacBook-Pro-di-tomas.local com.apple.CoreSimulator.SimDevice.8D341C93-70A5-4BEE-B72D-D762EC52F9A9[64340] (com.apple.CoreSimulator.bridge) <Notice>: This service is defined to be constantly running and is inherently inefficient.
Tue Jun 11 13:44:19 2019 MacBook-Pro-di-tomas.local com.apple.CoreSimulator.SimDevice.8D341C93-70A5-4BEE-B72D-D762EC52F9A9[64340] (com.apple.notifyd.64369) <Warning>: Endpoint has been activated through legacy launch(3) APIs. Please switch to XPC or bootstrap_check_in(): com.apple.system.notification_center
Tue Jun 11 13:44:19 2019 MacBook-Pro-di-tomas.local com.apple.CoreSimulator.SimDevice.8D341C93-70A5-4BEE-B72D-D762EC52F9A9[64340] (com.apple.syslogd.64342) <Warning>: Endpoint has been activated through legacy launch(3) APIs. Please switch to XPC or bootstrap_check_in(): com.apple.system.logger
Tue Jun 11 13:44:25 2019 MacBook-Pro-di-tomas.local com.apple.CoreSimulator.SimDevice.8D341C93-70A5-4BEE-B72D-D762EC52F9A9[64340] (com.apple.OTAPKIAssetTool.64398) <Warning>: Could not find and/or execute program specified by service: 2: No such file or directory: /Library/Developer/CoreSimulator/Profiles/Runtimes/iOS 10.3.simruntime/Contents/Resources/RuntimeRoot/usr/libexec/OTAPKIAssetTool
Tue Jun 11 13:44:25 2019 MacBook-Pro-di-tomas.local com.apple.CoreSimulator.SimDevice.8D341C93-70A5-4BEE-B72D-D762EC52F9A9[64340] (com.apple.OTAPKIAssetTool.64398) <Notice>: Service setup event to handle failure and will not launch until it fires.
Tue Jun 11 13:44:28 2019 MacBook-Pro-di-tomas.local com.apple.CoreSimulator.SimDevice.8D341C93-70A5-4BEE-B72D-D762EC52F9A9[64340] (com.apple.imfoundation.IMRemoteURLConnectionAgent) <Warning>: Unknown key for integer: _DirtyJetsamMemoryLimit
Tue Jun 11 13:44:30 2019 MacBook-Pro-di-tomas.local com.apple.CoreSimulator.SimDevice.8D341C93-70A5-4BEE-B72D-D762EC52F9A9[64340] (com.apple.accessibility.AccessibilityUIServer) <Warning>: Unknown key for integer: _DirtyJetsamMemoryLimit
Tue Jun 11 13:44:30 2019 MacBook-Pro-di-tomas.local com.apple.CoreSimulator.SimDevice.8D341C93-70A5-4BEE-B72D-D762EC52F9A9[64340] (com.apple.imfoundation.IMRemoteURLConnectionAgent) <Warning>: Unknown key for integer: _DirtyJetsamMemoryLimit
Tue Jun 11 13:44:34 2019 MacBook-Pro-di-tomas.local com.apple.CoreSimulator.SimDevice.8D341C93-70A5-4BEE-B72D-D762EC52F9A9[64340] (com.apple.imfoundation.IMRemoteURLConnectionAgent) <Warning>: Unknown key for integer: _DirtyJetsamMemoryLimit
Tue Jun 11 13:44:34 2019 MacBook-Pro-di-tomas.local com.apple.CoreSimulator.SimDevice.8D341C93-70A5-4BEE-B72D-D762EC52F9A9[64340] (com.apple.imdpersistence.IMDPersistenceAgent) <Warning>: Unknown key for integer: _DirtyJetsamPriority
Tue Jun 11 13:44:34 2019 MacBook-Pro-di-tomas.local com.apple.CoreSimulator.SimDevice.8D341C93-70A5-4BEE-B72D-D762EC52F9A9[64340] (com.apple.imdpersistence.IMDPersistenceAgent) <Warning>: Unknown key for integer: _DirtyJetsamMemoryLimit
Tue Jun 11 13:44:34 2019 MacBook-Pro-di-tomas.local com.apple.CoreSimulator.SimDevice.8D341C93-70A5-4BEE-B72D-D762EC52F9A9[64340] (com.apple.imfoundation.IMRemoteURLConnectionAgent) <Warning>: Unknown key for integer: _DirtyJetsamMemoryLimit
Tue Jun 11 13:44:34 2019 MacBook-Pro-di-tomas.local com.apple.CoreSimulator.SimDevice.8D341C93-70A5-4BEE-B72D-D762EC52F9A9[64340] (com.apple.WebBookmarks.webbookmarksd.64416) <Warning>: Could not find and/or execute program specified by service: 2: No such file or directory: /Library/Developer/CoreSimulator/Profiles/Runtimes/iOS 10.3.simruntime/Contents/Resources/RuntimeRoot/usr/libexec/webbookmarksd
Tue Jun 11 13:44:34 2019 MacBook-Pro-di-tomas.local com.apple.CoreSimulator.SimDevice.8D341C93-70A5-4BEE-B72D-D762EC52F9A9[64340] (com.apple.WebBookmarks.webbookmarksd.64416) <Notice>: Service setup event to handle failure and will not launch until it fires.
Tue Jun 11 13:44:36 2019 MacBook-Pro-di-tomas.local com.apple.CoreSimulator.SimDevice.8D341C93-70A5-4BEE-B72D-D762EC52F9A9[64340] (com.apple.coreduetd.64419) <Warning>: Could not find and/or execute program specified by service: 2: No such file or directory: /Library/Developer/CoreSimulator/Profiles/Runtimes/iOS 10.3.simruntime/Contents/Resources/RuntimeRoot/usr/libexec/coreduetd
Tue Jun 11 13:44:36 2019 MacBook-Pro-di-tomas.local com.apple.CoreSimulator.SimDevice.8D341C93-70A5-4BEE-B72D-D762EC52F9A9[64340] (com.apple.coreduetd.64419) <Notice>: Service setup event to handle failure and will not launch until it fires.
Tue Jun 11 13:44:37 2019 MacBook-Pro-di-tomas.local com.apple.CoreSimulator.SimDevice.8D341C93-70A5-4BEE-B72D-D762EC52F9A9[64340] (com.apple.imfoundation.IMRemoteURLConnectionAgent) <Warning>: Unknown key for integer: _DirtyJetsamMemoryLimit
Tue Jun 11 13:44:54 2019 MacBook-Pro-di-tomas.local com.apple.CoreSimulator.SimDevice.8D341C93-70A5-4BEE-B72D-D762EC52F9A9[64340] (UIKitApplication:com.subito.subito[0x9868][64361].64423) <Notice>: Service exited due to Abort trap: 6
Tue Jun 11 13:45:32 2019 MacBook-Pro-di-tomas.local com.apple.CoreSimulator.SimDevice.8D341C93-70A5-4BEE-B72D-D762EC52F9A9[64340] (com.apple.imfoundation.IMRemoteURLConnectionAgent) <Warning>: Unknown key for integer: _DirtyJetsamMemoryLimit
Tue Jun 11 13:45:35 2019 MacBook-Pro-di-tomas.local com.apple.CoreSimulator.SimDevice.8D341C93-70A5-4BEE-B72D-D762EC52F9A9[64340] (com.apple.imfoundation.IMRemoteURLConnectionAgent) <Warning>: Unknown key for integer: _DirtyJetsamMemoryLimit
Tue Jun 11 13:48:51 2019 MacBook-Pro-di-tomas.local com.apple.CoreSimulator.SimDevice.8D341C93-70A5-4BEE-B72D-D762EC52F9A9[64340] (com.apple.FileCoordination.64401) <Notice>: Service exited due to Killed: 9
Tue Jun 11 13:48:54 2019 MacBook-Pro-di-tomas.local com.apple.CoreSimulator.SimDevice.8D341C93-70A5-4BEE-B72D-D762EC52F9A9[64340] (com.apple.locationd.64360) <Warning>: Service exited with abnormal code: 1
Tue Jun 11 13:48:56 2019 MacBook-Pro-di-tomas.local com.apple.CoreSimulator.SimDevice.8D341C93-70A5-4BEE-B72D-D762EC52F9A9[64340] (com.apple.UserEventAgent-System.64343) <Warning>: Service did not exit 5 seconds after SIGTERM. Sending SIGKILL.
