Fri Jun 14 17:18:26 2019 MacBook-Pro-di-tomas.local com.apple.CoreSimulator.SimDevice.94869026-791E-47C1-B49B-513014321FFE[85777] <Error>: assertion failed: 18E226: launchd_sim + 44443 [4911879E-54AD-341A-9EEA-BD6E6DDD9DD6]: 0x11
Fri Jun 14 17:18:26 2019 MacBook-Pro-di-tomas.local com.apple.CoreSimulator.SimDevice.94869026-791E-47C1-B49B-513014321FFE[85777] (com.apple.backboardd) <Warning>: Unknown key for Boolean: HighPriorityIO
Fri Jun 14 17:18:26 2019 MacBook-Pro-di-tomas.local com.apple.CoreSimulator.SimDevice.94869026-791E-47C1-B49B-513014321FFE[85777] (com.apple.backboardd) <Notice>: This service is defined to be constantly running and is inherently inefficient.
Fri Jun 14 17:18:26 2019 MacBook-Pro-di-tomas.local com.apple.CoreSimulator.SimDevice.94869026-791E-47C1-B49B-513014321FFE[85777] (com.apple.assertiond) <Notice>: This service is defined to be constantly running and is inherently inefficient.
Fri Jun 14 17:18:26 2019 MacBook-Pro-di-tomas.local com.apple.CoreSimulator.SimDevice.94869026-791E-47C1-B49B-513014321FFE[85777] (com.apple.CoreSimulator.bridge) <Notice>: This service is defined to be constantly running and is inherently inefficient.
Fri Jun 14 17:18:26 2019 MacBook-Pro-di-tomas.local com.apple.CoreSimulator.SimDevice.94869026-791E-47C1-B49B-513014321FFE[85777] (com.apple.AssetCacheLocatorService) <Warning>: Unknown key for Boolean: EnableTransactions
Fri Jun 14 17:18:26 2019 MacBook-Pro-di-tomas.local com.apple.CoreSimulator.SimDevice.94869026-791E-47C1-B49B-513014321FFE[85777] (com.apple.AssetCacheLocatorService) <Warning>: Unknown key for Boolean: EnablePressuredExit
Fri Jun 14 17:18:26 2019 MacBook-Pro-di-tomas.local com.apple.CoreSimulator.SimDevice.94869026-791E-47C1-B49B-513014321FFE[85777] (com.apple.MobileInstallationHelperService) <Warning>: Unknown key for Boolean: EnableTransactions
Fri Jun 14 17:18:26 2019 MacBook-Pro-di-tomas.local com.apple.CoreSimulator.SimDevice.94869026-791E-47C1-B49B-513014321FFE[85777] (com.apple.MobileInstallationHelperService) <Warning>: Unknown key for Boolean: EnablePressuredExit
Fri Jun 14 17:18:26 2019 MacBook-Pro-di-tomas.local com.apple.CoreSimulator.SimDevice.94869026-791E-47C1-B49B-513014321FFE[85777] (com.apple.Photos.CPLDiagnose) <Warning>: Unknown key for Boolean: EnableTransactions
Fri Jun 14 17:18:26 2019 MacBook-Pro-di-tomas.local com.apple.CoreSimulator.SimDevice.94869026-791E-47C1-B49B-513014321FFE[85777] (com.apple.Photos.CPLDiagnose) <Warning>: Unknown key for Boolean: EnablePressuredExit
Fri Jun 14 17:18:26 2019 MacBook-Pro-di-tomas.local com.apple.CoreSimulator.SimDevice.94869026-791E-47C1-B49B-513014321FFE[85777] (com.apple.StreamingUnzipService) <Warning>: Unknown key for Boolean: EnableTransactions
Fri Jun 14 17:18:26 2019 MacBook-Pro-di-tomas.local com.apple.CoreSimulator.SimDevice.94869026-791E-47C1-B49B-513014321FFE[85777] (com.apple.StreamingUnzipService) <Warning>: Unknown key for Boolean: EnablePressuredExit
Fri Jun 14 17:18:26 2019 MacBook-Pro-di-tomas.local com.apple.CoreSimulator.SimDevice.94869026-791E-47C1-B49B-513014321FFE[85777] (com.apple.UIKit.KeyboardManagement) <Warning>: Unknown key for Boolean: EnableTransactions
Fri Jun 14 17:18:26 2019 MacBook-Pro-di-tomas.local com.apple.CoreSimulator.SimDevice.94869026-791E-47C1-B49B-513014321FFE[85777] (com.apple.UIKit.KeyboardManagement) <Warning>: Unknown key for Boolean: EnablePressuredExit
Fri Jun 14 17:18:26 2019 MacBook-Pro-di-tomas.local com.apple.CoreSimulator.SimDevice.94869026-791E-47C1-B49B-513014321FFE[85777] (com.apple.accessibility.mediaaccessibilityd) <Warning>: Unknown key for Boolean: EnableTransactions
Fri Jun 14 17:18:26 2019 MacBook-Pro-di-tomas.local com.apple.CoreSimulator.SimDevice.94869026-791E-47C1-B49B-513014321FFE[85777] (com.apple.accessibility.mediaaccessibilityd) <Warning>: Unknown key for Boolean: EnablePressuredExit
Fri Jun 14 17:18:26 2019 MacBook-Pro-di-tomas.local com.apple.CoreSimulator.SimDevice.94869026-791E-47C1-B49B-513014321FFE[85777] (com.apple.accounts.dom) <Warning>: Unknown key for Boolean: EnableTransactions
Fri Jun 14 17:18:26 2019 MacBook-Pro-di-tomas.local com.apple.CoreSimulator.SimDevice.94869026-791E-47C1-B49B-513014321FFE[85777] (com.apple.accounts.dom) <Warning>: Unknown key for Boolean: EnablePressuredExit
Fri Jun 14 17:18:26 2019 MacBook-Pro-di-tomas.local com.apple.CoreSimulator.SimDevice.94869026-791E-47C1-B49B-513014321FFE[85777] (com.apple.backboard.display.archive) <Warning>: Unknown key for Boolean: EnableTransactions
Fri Jun 14 17:18:26 2019 MacBook-Pro-di-tomas.local com.apple.CoreSimulator.SimDevice.94869026-791E-47C1-B49B-513014321FFE[85777] (com.apple.backboard.display.archive) <Warning>: Unknown key for Boolean: EnablePressuredExit
Fri Jun 14 17:18:26 2019 MacBook-Pro-di-tomas.local com.apple.CoreSimulator.SimDevice.94869026-791E-47C1-B49B-513014321FFE[85777] (com.apple.datamigrator) <Warning>: Unknown key for Boolean: EnableTransactions
Fri Jun 14 17:18:26 2019 MacBook-Pro-di-tomas.local com.apple.CoreSimulator.SimDevice.94869026-791E-47C1-B49B-513014321FFE[85777] (com.apple.datamigrator) <Warning>: Unknown key for Boolean: EnablePressuredExit
Fri Jun 14 17:18:26 2019 MacBook-Pro-di-tomas.local com.apple.CoreSimulator.SimDevice.94869026-791E-47C1-B49B-513014321FFE[85777] (com.apple.imfoundation.IMRemoteURLConnectionAgent) <Warning>: Unknown key for Boolean: EnableTransactions
Fri Jun 14 17:18:26 2019 MacBook-Pro-di-tomas.local com.apple.CoreSimulator.SimDevice.94869026-791E-47C1-B49B-513014321FFE[85777] (com.apple.imfoundation.IMRemoteURLConnectionAgent) <Warning>: Unknown key for integer: _DirtyJetsamMemoryLimit
Fri Jun 14 17:18:26 2019 MacBook-Pro-di-tomas.local com.apple.CoreSimulator.SimDevice.94869026-791E-47C1-B49B-513014321FFE[85777] (com.apple.imfoundation.IMRemoteURLConnectionAgent) <Warning>: Unknown key for Boolean: EnablePressuredExit
Fri Jun 14 17:18:26 2019 MacBook-Pro-di-tomas.local com.apple.CoreSimulator.SimDevice.94869026-791E-47C1-B49B-513014321FFE[85777] (com.apple.intents.intents-helper) <Warning>: Unknown key for Boolean: EnableTransactions
Fri Jun 14 17:18:26 2019 MacBook-Pro-di-tomas.local com.apple.CoreSimulator.SimDevice.94869026-791E-47C1-B49B-513014321FFE[85777] (com.apple.intents.intents-helper) <Warning>: Unknown key for Boolean: EnablePressuredExit
Fri Jun 14 17:18:26 2019 MacBook-Pro-di-tomas.local com.apple.CoreSimulator.SimDevice.94869026-791E-47C1-B49B-513014321FFE[85777] (com.apple.lsdiconservice) <Warning>: Unknown key for Boolean: EnableTransactions
Fri Jun 14 17:18:26 2019 MacBook-Pro-di-tomas.local com.apple.CoreSimulator.SimDevice.94869026-791E-47C1-B49B-513014321FFE[85777] (com.apple.lsdiconservice) <Warning>: Unknown key for Boolean: EnablePressuredExit
Fri Jun 14 17:18:26 2019 MacBook-Pro-di-tomas.local com.apple.CoreSimulator.SimDevice.94869026-791E-47C1-B49B-513014321FFE[85777] (com.apple.migrationpluginwrapper) <Warning>: Unknown key for Boolean: EnableTransactions
Fri Jun 14 17:18:26 2019 MacBook-Pro-di-tomas.local com.apple.CoreSimulator.SimDevice.94869026-791E-47C1-B49B-513014321FFE[85777] (com.apple.migrationpluginwrapper) <Warning>: Unknown key for Boolean: EnablePressuredExit
Fri Jun 14 17:18:26 2019 MacBook-Pro-di-tomas.local com.apple.CoreSimulator.SimDevice.94869026-791E-47C1-B49B-513014321FFE[85777] (com.apple.uifoundation-bundle-helper) <Warning>: Unknown key for Boolean: EnableTransactions
Fri Jun 14 17:18:26 2019 MacBook-Pro-di-tomas.local com.apple.CoreSimulator.SimDevice.94869026-791E-47C1-B49B-513014321FFE[85777] (com.apple.uifoundation-bundle-helper) <Warning>: Unknown key for Boolean: EnablePressuredExit
Fri Jun 14 17:18:26 2019 MacBook-Pro-di-tomas.local com.apple.CoreSimulator.SimDevice.94869026-791E-47C1-B49B-513014321FFE[85777] (com.apple.imfoundation.IMRemoteURLConnectionAgent) <Warning>: Unknown key for Boolean: EnableTransactions
Fri Jun 14 17:18:26 2019 MacBook-Pro-di-tomas.local com.apple.CoreSimulator.SimDevice.94869026-791E-47C1-B49B-513014321FFE[85777] (com.apple.imfoundation.IMRemoteURLConnectionAgent) <Warning>: Unknown key for integer: _DirtyJetsamMemoryLimit
Fri Jun 14 17:18:26 2019 MacBook-Pro-di-tomas.local com.apple.CoreSimulator.SimDevice.94869026-791E-47C1-B49B-513014321FFE[85777] (com.apple.imfoundation.IMRemoteURLConnectionAgent) <Warning>: Unknown key for Boolean: EnablePressuredExit
Fri Jun 14 17:18:26 2019 MacBook-Pro-di-tomas.local com.apple.CoreSimulator.SimDevice.94869026-791E-47C1-B49B-513014321FFE[85777] (com.apple.StreamingUnzipService) <Warning>: Unknown key for Boolean: EnableTransactions
Fri Jun 14 17:18:26 2019 MacBook-Pro-di-tomas.local com.apple.CoreSimulator.SimDevice.94869026-791E-47C1-B49B-513014321FFE[85777] (com.apple.StreamingUnzipService) <Warning>: Unknown key for Boolean: EnablePressuredExit
Fri Jun 14 17:18:26 2019 MacBook-Pro-di-tomas.local com.apple.CoreSimulator.SimDevice.94869026-791E-47C1-B49B-513014321FFE[85777] (com.apple.backboard.display.archive) <Warning>: Unknown key for Boolean: EnableTransactions
Fri Jun 14 17:18:26 2019 MacBook-Pro-di-tomas.local com.apple.CoreSimulator.SimDevice.94869026-791E-47C1-B49B-513014321FFE[85777] (com.apple.backboard.display.archive) <Warning>: Unknown key for Boolean: EnablePressuredExit
Fri Jun 14 17:18:26 2019 MacBook-Pro-di-tomas.local com.apple.CoreSimulator.SimDevice.94869026-791E-47C1-B49B-513014321FFE[85777] (com.apple.uifoundation-bundle-helper) <Warning>: Unknown key for Boolean: EnableTransactions
Fri Jun 14 17:18:26 2019 MacBook-Pro-di-tomas.local com.apple.CoreSimulator.SimDevice.94869026-791E-47C1-B49B-513014321FFE[85777] (com.apple.uifoundation-bundle-helper) <Warning>: Unknown key for Boolean: EnablePressuredExit
Fri Jun 14 17:18:27 2019 MacBook-Pro-di-tomas.local com.apple.CoreSimulator.SimDevice.94869026-791E-47C1-B49B-513014321FFE[85777] (com.apple.siri.acousticsignature) <Warning>: Unknown key for Boolean: EnableTransactions
Fri Jun 14 17:18:27 2019 MacBook-Pro-di-tomas.local com.apple.CoreSimulator.SimDevice.94869026-791E-47C1-B49B-513014321FFE[85777] (com.apple.siri.acousticsignature) <Warning>: Unknown key for Boolean: EnablePressuredExit
Fri Jun 14 17:18:27 2019 MacBook-Pro-di-tomas.local com.apple.CoreSimulator.SimDevice.94869026-791E-47C1-B49B-513014321FFE[85777] (com.apple.siri.ClientFlow.ClientScripter) <Warning>: Unknown key for Boolean: EnableTransactions
Fri Jun 14 17:18:27 2019 MacBook-Pro-di-tomas.local com.apple.CoreSimulator.SimDevice.94869026-791E-47C1-B49B-513014321FFE[85777] (com.apple.siri.ClientFlow.ClientScripter) <Warning>: Unknown key for Boolean: EnablePressuredExit
Fri Jun 14 17:18:27 2019 MacBook-Pro-di-tomas.local com.apple.CoreSimulator.SimDevice.94869026-791E-47C1-B49B-513014321FFE[85777] (com.apple.AXMediaUtilitiesService) <Warning>: Unknown key for Boolean: EnableTransactions
Fri Jun 14 17:18:27 2019 MacBook-Pro-di-tomas.local com.apple.CoreSimulator.SimDevice.94869026-791E-47C1-B49B-513014321FFE[85777] (com.apple.AXMediaUtilitiesService) <Warning>: Unknown key for Boolean: EnablePressuredExit
Fri Jun 14 17:18:27 2019 MacBook-Pro-di-tomas.local com.apple.CoreSimulator.SimDevice.94869026-791E-47C1-B49B-513014321FFE[85777] (com.apple.intents.intents-helper) <Warning>: Unknown key for Boolean: EnableTransactions
Fri Jun 14 17:18:27 2019 MacBook-Pro-di-tomas.local com.apple.CoreSimulator.SimDevice.94869026-791E-47C1-B49B-513014321FFE[85777] (com.apple.intents.intents-helper) <Warning>: Unknown key for Boolean: EnablePressuredExit
Fri Jun 14 17:18:27 2019 MacBook-Pro-di-tomas.local com.apple.CoreSimulator.SimDevice.94869026-791E-47C1-B49B-513014321FFE[85777] (com.apple.accessibility.AccessibilityUIServer) <Warning>: Unknown key for Boolean: EnableTransactions
Fri Jun 14 17:18:27 2019 MacBook-Pro-di-tomas.local com.apple.CoreSimulator.SimDevice.94869026-791E-47C1-B49B-513014321FFE[85777] (com.apple.accessibility.AccessibilityUIServer) <Warning>: Unknown key for Boolean: EnablePressuredExit
Fri Jun 14 17:18:27 2019 MacBook-Pro-di-tomas.local com.apple.CoreSimulator.SimDevice.94869026-791E-47C1-B49B-513014321FFE[85777] (com.apple.backboard.display.archive) <Warning>: Unknown key for Boolean: EnableTransactions
Fri Jun 14 17:18:27 2019 MacBook-Pro-di-tomas.local com.apple.CoreSimulator.SimDevice.94869026-791E-47C1-B49B-513014321FFE[85777] (com.apple.backboard.display.archive) <Warning>: Unknown key for Boolean: EnablePressuredExit
Fri Jun 14 17:18:27 2019 MacBook-Pro-di-tomas.local com.apple.CoreSimulator.SimDevice.94869026-791E-47C1-B49B-513014321FFE[85777] (com.apple.uifoundation-bundle-helper) <Warning>: Unknown key for Boolean: EnableTransactions
Fri Jun 14 17:18:27 2019 MacBook-Pro-di-tomas.local com.apple.CoreSimulator.SimDevice.94869026-791E-47C1-B49B-513014321FFE[85777] (com.apple.uifoundation-bundle-helper) <Warning>: Unknown key for Boolean: EnablePressuredExit
Fri Jun 14 17:18:27 2019 MacBook-Pro-di-tomas.local com.apple.CoreSimulator.SimDevice.94869026-791E-47C1-B49B-513014321FFE[85777] (com.apple.BarcodeSupport.Helper) <Warning>: Unknown key for Boolean: EnableTransactions
Fri Jun 14 17:18:27 2019 MacBook-Pro-di-tomas.local com.apple.CoreSimulator.SimDevice.94869026-791E-47C1-B49B-513014321FFE[85777] (com.apple.BarcodeSupport.Helper) <Warning>: Unknown key for Boolean: EnablePressuredExit
Fri Jun 14 17:18:27 2019 MacBook-Pro-di-tomas.local com.apple.CoreSimulator.SimDevice.94869026-791E-47C1-B49B-513014321FFE[85777] (com.apple.BarcodeSupport.ParsingService) <Warning>: Unknown key for Boolean: EnableTransactions
Fri Jun 14 17:18:27 2019 MacBook-Pro-di-tomas.local com.apple.CoreSimulator.SimDevice.94869026-791E-47C1-B49B-513014321FFE[85777] (com.apple.BarcodeSupport.ParsingService) <Warning>: Unknown key for Boolean: EnablePressuredExit
Fri Jun 14 17:18:27 2019 MacBook-Pro-di-tomas.local com.apple.CoreSimulator.SimDevice.94869026-791E-47C1-B49B-513014321FFE[85777] (com.apple.BarcodeSupport.BarcodeNotificationService) <Warning>: Unknown key for Boolean: EnableTransactions
Fri Jun 14 17:18:27 2019 MacBook-Pro-di-tomas.local com.apple.CoreSimulator.SimDevice.94869026-791E-47C1-B49B-513014321FFE[85777] (com.apple.BarcodeSupport.BarcodeNotificationService) <Warning>: Unknown key for Boolean: EnablePressuredExit
Fri Jun 14 17:18:27 2019 MacBook-Pro-di-tomas.local com.apple.CoreSimulator.SimDevice.94869026-791E-47C1-B49B-513014321FFE[85777] (com.apple.tonelibraryd) <Warning>: Unknown key for Boolean: EnableTransactions
Fri Jun 14 17:18:27 2019 MacBook-Pro-di-tomas.local com.apple.CoreSimulator.SimDevice.94869026-791E-47C1-B49B-513014321FFE[85777] (com.apple.tonelibraryd) <Warning>: Unknown key for Boolean: EnablePressuredExit
Fri Jun 14 17:18:27 2019 MacBook-Pro-di-tomas.local com.apple.CoreSimulator.SimDevice.94869026-791E-47C1-B49B-513014321FFE[85777] (com.apple.imfoundation.IMRemoteURLConnectionAgent) <Warning>: Unknown key for Boolean: EnableTransactions
Fri Jun 14 17:18:27 2019 MacBook-Pro-di-tomas.local com.apple.CoreSimulator.SimDevice.94869026-791E-47C1-B49B-513014321FFE[85777] (com.apple.imfoundation.IMRemoteURLConnectionAgent) <Warning>: Unknown key for integer: _DirtyJetsamMemoryLimit
Fri Jun 14 17:18:27 2019 MacBook-Pro-di-tomas.local com.apple.CoreSimulator.SimDevice.94869026-791E-47C1-B49B-513014321FFE[85777] (com.apple.imfoundation.IMRemoteURLConnectionAgent) <Warning>: Unknown key for Boolean: EnablePressuredExit
Fri Jun 14 17:18:27 2019 MacBook-Pro-di-tomas.local com.apple.CoreSimulator.SimDevice.94869026-791E-47C1-B49B-513014321FFE[85777] (com.apple.BarcodeSupport.Helper) <Warning>: Unknown key for Boolean: EnableTransactions
Fri Jun 14 17:18:27 2019 MacBook-Pro-di-tomas.local com.apple.CoreSimulator.SimDevice.94869026-791E-47C1-B49B-513014321FFE[85777] (com.apple.BarcodeSupport.Helper) <Warning>: Unknown key for Boolean: EnablePressuredExit
Fri Jun 14 17:18:27 2019 MacBook-Pro-di-tomas.local com.apple.CoreSimulator.SimDevice.94869026-791E-47C1-B49B-513014321FFE[85777] (com.apple.BarcodeSupport.ParsingService) <Warning>: Unknown key for Boolean: EnableTransactions
Fri Jun 14 17:18:27 2019 MacBook-Pro-di-tomas.local com.apple.CoreSimulator.SimDevice.94869026-791E-47C1-B49B-513014321FFE[85777] (com.apple.BarcodeSupport.ParsingService) <Warning>: Unknown key for Boolean: EnablePressuredExit
Fri Jun 14 17:18:27 2019 MacBook-Pro-di-tomas.local com.apple.CoreSimulator.SimDevice.94869026-791E-47C1-B49B-513014321FFE[85777] (com.apple.backboard.display.archive) <Warning>: Unknown key for Boolean: EnableTransactions
Fri Jun 14 17:18:27 2019 MacBook-Pro-di-tomas.local com.apple.CoreSimulator.SimDevice.94869026-791E-47C1-B49B-513014321FFE[85777] (com.apple.backboard.display.archive) <Warning>: Unknown key for Boolean: EnablePressuredExit
Fri Jun 14 17:18:27 2019 MacBook-Pro-di-tomas.local com.apple.CoreSimulator.SimDevice.94869026-791E-47C1-B49B-513014321FFE[85777] (com.apple.imfoundation.IMRemoteURLConnectionAgent) <Warning>: Unknown key for Boolean: EnableTransactions
Fri Jun 14 17:18:27 2019 MacBook-Pro-di-tomas.local com.apple.CoreSimulator.SimDevice.94869026-791E-47C1-B49B-513014321FFE[85777] (com.apple.imfoundation.IMRemoteURLConnectionAgent) <Warning>: Unknown key for integer: _DirtyJetsamMemoryLimit
Fri Jun 14 17:18:27 2019 MacBook-Pro-di-tomas.local com.apple.CoreSimulator.SimDevice.94869026-791E-47C1-B49B-513014321FFE[85777] (com.apple.imfoundation.IMRemoteURLConnectionAgent) <Warning>: Unknown key for Boolean: EnablePressuredExit
Fri Jun 14 17:18:27 2019 MacBook-Pro-di-tomas.local com.apple.CoreSimulator.SimDevice.94869026-791E-47C1-B49B-513014321FFE[85777] (com.apple.uifoundation-bundle-helper) <Warning>: Unknown key for Boolean: EnableTransactions
Fri Jun 14 17:18:27 2019 MacBook-Pro-di-tomas.local com.apple.CoreSimulator.SimDevice.94869026-791E-47C1-B49B-513014321FFE[85777] (com.apple.uifoundation-bundle-helper) <Warning>: Unknown key for Boolean: EnablePressuredExit
Fri Jun 14 17:18:27 2019 MacBook-Pro-di-tomas.local com.apple.CoreSimulator.SimDevice.94869026-791E-47C1-B49B-513014321FFE[85777] (com.apple.StreamingUnzipService) <Warning>: Unknown key for Boolean: EnableTransactions
Fri Jun 14 17:18:27 2019 MacBook-Pro-di-tomas.local com.apple.CoreSimulator.SimDevice.94869026-791E-47C1-B49B-513014321FFE[85777] (com.apple.StreamingUnzipService) <Warning>: Unknown key for Boolean: EnablePressuredExit
Fri Jun 14 17:18:27 2019 MacBook-Pro-di-tomas.local com.apple.CoreSimulator.SimDevice.94869026-791E-47C1-B49B-513014321FFE[85777] (com.apple.backboard.display.archive) <Warning>: Unknown key for Boolean: EnableTransactions
Fri Jun 14 17:18:27 2019 MacBook-Pro-di-tomas.local com.apple.CoreSimulator.SimDevice.94869026-791E-47C1-B49B-513014321FFE[85777] (com.apple.backboard.display.archive) <Warning>: Unknown key for Boolean: EnablePressuredExit
Fri Jun 14 17:18:27 2019 MacBook-Pro-di-tomas.local com.apple.CoreSimulator.SimDevice.94869026-791E-47C1-B49B-513014321FFE[85777] (com.apple.imfoundation.IMRemoteURLConnectionAgent) <Warning>: Unknown key for Boolean: EnableTransactions
Fri Jun 14 17:18:27 2019 MacBook-Pro-di-tomas.local com.apple.CoreSimulator.SimDevice.94869026-791E-47C1-B49B-513014321FFE[85777] (com.apple.imfoundation.IMRemoteURLConnectionAgent) <Warning>: Unknown key for integer: _DirtyJetsamMemoryLimit
Fri Jun 14 17:18:27 2019 MacBook-Pro-di-tomas.local com.apple.CoreSimulator.SimDevice.94869026-791E-47C1-B49B-513014321FFE[85777] (com.apple.imfoundation.IMRemoteURLConnectionAgent) <Warning>: Unknown key for Boolean: EnablePressuredExit
Fri Jun 14 17:18:27 2019 MacBook-Pro-di-tomas.local com.apple.CoreSimulator.SimDevice.94869026-791E-47C1-B49B-513014321FFE[85777] (com.apple.intents.intents-helper) <Warning>: Unknown key for Boolean: EnableTransactions
Fri Jun 14 17:18:27 2019 MacBook-Pro-di-tomas.local com.apple.CoreSimulator.SimDevice.94869026-791E-47C1-B49B-513014321FFE[85777] (com.apple.intents.intents-helper) <Warning>: Unknown key for Boolean: EnablePressuredExit
Fri Jun 14 17:18:27 2019 MacBook-Pro-di-tomas.local com.apple.CoreSimulator.SimDevice.94869026-791E-47C1-B49B-513014321FFE[85777] (com.apple.uifoundation-bundle-helper) <Warning>: Unknown key for Boolean: EnableTransactions
Fri Jun 14 17:18:27 2019 MacBook-Pro-di-tomas.local com.apple.CoreSimulator.SimDevice.94869026-791E-47C1-B49B-513014321FFE[85777] (com.apple.uifoundation-bundle-helper) <Warning>: Unknown key for Boolean: EnablePressuredExit
Fri Jun 14 17:19:47 2019 MacBook-Pro-di-tomas.local com.apple.CoreSimulator.SimDevice.94869026-791E-47C1-B49B-513014321FFE[85777] (com.apple.xpc.launchd.oneshot.0x10000000.IBAgent-iOS.85779) <Notice>: Service exited due to SIGKILL | sent by Xcode[72456]
Fri Jun 14 17:19:47 2019 MacBook-Pro-di-tomas.local com.apple.CoreSimulator.SimDevice.94869026-791E-47C1-B49B-513014321FFE[85777] (com.apple.xpc.launchd.domain.system) <Notice>: Userspace teardown took: 28 ms
Fri Jun 14 17:19:47 2019 MacBook-Pro-di-tomas.local com.apple.CoreSimulator.SimDevice.94869026-791E-47C1-B49B-513014321FFE[85777] (com.apple.xpc.launchd.domain.system) <Notice>: Will be calling reboot(2) with flags: 0x0
Fri Jun 14 17:19:47 2019 MacBook-Pro-di-tomas.local com.apple.CoreSimulator.SimDevice.94869026-791E-47C1-B49B-513014321FFE[85777] <Notice>: bye
